{"/Users/gabrielfernandes/Documents/repositorios/barber-click/src/components/BarbershopCard.js": {"path":"/Users/gabrielfernandes/Documents/repositorios/barber-click/src/components/BarbershopCard.js","statementMap":{"0":{"start":{"line":6,"column":20},"end":{"line":6,"column":60}},"1":{"start":{"line":7,"column":22},"end":{"line":7,"column":60}},"2":{"start":{"line":9,"column":2},"end":{"line":42,"column":4}},"3":{"start":{"line":45,"column":15},"end":{"line":92,"column":2}}},"fnMap":{"0":{"name":"BarbershopCard","decl":{"start":{"line":5,"column":16},"end":{"line":5,"column":30}},"loc":{"start":{"line":5,"column":78},"end":{"line":43,"column":1}},"line":5}},"branchMap":{"0":{"loc":{"start":{"line":6,"column":20},"end":{"line":6,"column":60}},"type":"binary-expr","locations":[{"start":{"line":6,"column":20},"end":{"line":6,"column":46}},{"start":{"line":6,"column":50},"end":{"line":6,"column":60}}],"line":6},"1":{"loc":{"start":{"line":7,"column":22},"end":{"line":7,"column":60}},"type":"cond-expr","locations":[{"start":{"line":7,"column":34},"end":{"line":7,"column":51}},{"start":{"line":7,"column":54},"end":{"line":7,"column":60}}],"line":7},"2":{"loc":{"start":{"line":16,"column":16},"end":{"line":16,"column":71}},"type":"cond-expr","locations":[{"start":{"line":16,"column":27},"end":{"line":16,"column":44}},{"start":{"line":16,"column":47},"end":{"line":16,"column":71}}],"line":16},"3":{"loc":{"start":{"line":30,"column":19},"end":{"line":30,"column":52}},"type":"cond-expr","locations":[{"start":{"line":30,"column":31},"end":{"line":30,"column":40}},{"start":{"line":30,"column":43},"end":{"line":30,"column":52}}],"line":30},"4":{"loc":{"start":{"line":32,"column":39},"end":{"line":32,"column":69}},"type":"binary-expr","locations":[{"start":{"line":32,"column":39},"end":{"line":32,"column":49}},{"start":{"line":32,"column":53},"end":{"line":32,"column":69}}],"line":32}},"s":{"0":0,"1":0,"2":0,"3":0},"f":{"0":0},"b":{"0":[0,0],"1":[0,0],"2":[0,0],"3":[0,0],"4":[0,0]}}
,"/Users/gabrielfernandes/Documents/repositorios/barber-click/src/components/CameraModal.js": {"path":"/Users/gabrielfernandes/Documents/repositorios/barber-click/src/components/CameraModal.js","statementMap":{"0":{"start":{"line":9,"column":32},"end":{"line":9,"column":46}},"1":{"start":{"line":10,"column":30},"end":{"line":10,"column":46}},"2":{"start":{"line":11,"column":54},"end":{"line":11,"column":76}},"3":{"start":{"line":12,"column":48},"end":{"line":12,"column":88}},"4":{"start":{"line":14,"column":20},"end":{"line":14,"column":32}},"5":{"start":{"line":16,"column":28},"end":{"line":35,"column":3}},"6":{"start":{"line":17,"column":4},"end":{"line":23,"column":5}},"7":{"start":{"line":18,"column":25},"end":{"line":18,"column":55}},"8":{"start":{"line":19,"column":6},"end":{"line":22,"column":7}},"9":{"start":{"line":20,"column":8},"end":{"line":20,"column":50}},"10":{"start":{"line":21,"column":8},"end":{"line":21,"column":15}},"11":{"start":{"line":25,"column":19},"end":{"line":30,"column":6}},"12":{"start":{"line":32,"column":4},"end":{"line":34,"column":5}},"13":{"start":{"line":33,"column":6},"end":{"line":33,"column":39}},"14":{"start":{"line":37,"column":28},"end":{"line":42,"column":3}},"15":{"start":{"line":38,"column":4},"end":{"line":41,"column":5}},"16":{"start":{"line":39,"column":20},"end":{"line":39,"column":62}},"17":{"start":{"line":40,"column":6},"end":{"line":40,"column":28}},"18":{"start":{"line":44,"column":24},"end":{"line":47,"column":3}},"19":{"start":{"line":45,"column":4},"end":{"line":45,"column":26}},"20":{"start":{"line":46,"column":4},"end":{"line":46,"column":18}},"21":{"start":{"line":49,"column":22},"end":{"line":52,"column":3}},"22":{"start":{"line":50,"column":4},"end":{"line":50,"column":21}},"23":{"start":{"line":51,"column":4},"end":{"line":51,"column":14}},"24":{"start":{"line":54,"column":2},"end":{"line":72,"column":3}},"25":{"start":{"line":55,"column":4},"end":{"line":71,"column":6}},"26":{"start":{"line":74,"column":2},"end":{"line":119,"column":4}},"27":{"start":{"line":81,"column":76},"end":{"line":81,"column":92}},"28":{"start":{"line":110,"column":31},"end":{"line":110,"column":78}},"29":{"start":{"line":110,"column":46},"end":{"line":110,"column":77}},"30":{"start":{"line":122,"column":15},"end":{"line":249,"column":2}}},"fnMap":{"0":{"name":"CameraModal","decl":{"start":{"line":8,"column":16},"end":{"line":8,"column":27}},"loc":{"start":{"line":8,"column":64},"end":{"line":120,"column":1}},"line":8},"1":{"name":"(anonymous_1)","decl":{"start":{"line":16,"column":28},"end":{"line":16,"column":29}},"loc":{"start":{"line":16,"column":40},"end":{"line":35,"column":3}},"line":16},"2":{"name":"(anonymous_2)","decl":{"start":{"line":37,"column":28},"end":{"line":37,"column":29}},"loc":{"start":{"line":37,"column":40},"end":{"line":42,"column":3}},"line":37},"3":{"name":"(anonymous_3)","decl":{"start":{"line":44,"column":24},"end":{"line":44,"column":25}},"loc":{"start":{"line":44,"column":30},"end":{"line":47,"column":3}},"line":44},"4":{"name":"(anonymous_4)","decl":{"start":{"line":49,"column":22},"end":{"line":49,"column":23}},"loc":{"start":{"line":49,"column":28},"end":{"line":52,"column":3}},"line":49},"5":{"name":"(anonymous_5)","decl":{"start":{"line":81,"column":70},"end":{"line":81,"column":71}},"loc":{"start":{"line":81,"column":76},"end":{"line":81,"column":92}},"line":81},"6":{"name":"(anonymous_6)","decl":{"start":{"line":110,"column":25},"end":{"line":110,"column":26}},"loc":{"start":{"line":110,"column":31},"end":{"line":110,"column":78}},"line":110},"7":{"name":"(anonymous_7)","decl":{"start":{"line":110,"column":41},"end":{"line":110,"column":42}},"loc":{"start":{"line":110,"column":46},"end":{"line":110,"column":77}},"line":110}},"branchMap":{"0":{"loc":{"start":{"line":17,"column":4},"end":{"line":23,"column":5}},"type":"if","locations":[{"start":{"line":17,"column":4},"end":{"line":23,"column":5}},{"start":{},"end":{}}],"line":17},"1":{"loc":{"start":{"line":19,"column":6},"end":{"line":22,"column":7}},"type":"if","locations":[{"start":{"line":19,"column":6},"end":{"line":22,"column":7}},{"start":{},"end":{}}],"line":19},"2":{"loc":{"start":{"line":32,"column":4},"end":{"line":34,"column":5}},"type":"if","locations":[{"start":{"line":32,"column":4},"end":{"line":34,"column":5}},{"start":{},"end":{}}],"line":32},"3":{"loc":{"start":{"line":38,"column":4},"end":{"line":41,"column":5}},"type":"if","locations":[{"start":{"line":38,"column":4},"end":{"line":41,"column":5}},{"start":{},"end":{}}],"line":38},"4":{"loc":{"start":{"line":54,"column":2},"end":{"line":72,"column":3}},"type":"if","locations":[{"start":{"line":54,"column":2},"end":{"line":72,"column":3}},{"start":{},"end":{}}],"line":54},"5":{"loc":{"start":{"line":77,"column":9},"end":{"line":116,"column":9}},"type":"cond-expr","locations":[{"start":{"line":78,"column":11},"end":{"line":90,"column":17}},{"start":{"line":92,"column":10},"end":{"line":115,"column":17}}],"line":77},"6":{"loc":{"start":{"line":110,"column":46},"end":{"line":110,"column":77}},"type":"cond-expr","locations":[{"start":{"line":110,"column":61},"end":{"line":110,"column":68}},{"start":{"line":110,"column":71},"end":{"line":110,"column":77}}],"line":110}},"s":{"0":0,"1":0,"2":0,"3":0,"4":0,"5":0,"6":0,"7":0,"8":0,"9":0,"10":0,"11":0,"12":0,"13":0,"14":0,"15":0,"16":0,"17":0,"18":0,"19":0,"20":0,"21":0,"22":0,"23":0,"24":0,"25":0,"26":0,"27":0,"28":0,"29":0,"30":0},"f":{"0":0,"1":0,"2":0,"3":0,"4":0,"5":0,"6":0,"7":0},"b":{"0":[0,0],"1":[0,0],"2":[0,0],"3":[0,0],"4":[0,0],"5":[0,0],"6":[0,0]}}
,"/Users/gabrielfernandes/Documents/repositorios/barber-click/src/components/ProductModal.js": {"path":"/Users/gabrielfernandes/Documents/repositorios/barber-click/src/components/ProductModal.js","statementMap":{"0":{"start":{"line":5,"column":26},"end":{"line":5,"column":38}},"1":{"start":{"line":6,"column":28},"end":{"line":6,"column":40}},"2":{"start":{"line":7,"column":42},"end":{"line":7,"column":57}},"3":{"start":{"line":9,"column":2},"end":{"line":14,"column":25}},"4":{"start":{"line":10,"column":4},"end":{"line":13,"column":5}},"5":{"start":{"line":11,"column":6},"end":{"line":11,"column":35}},"6":{"start":{"line":12,"column":6},"end":{"line":12,"column":68}},"7":{"start":{"line":16,"column":21},"end":{"line":33,"column":3}},"8":{"start":{"line":17,"column":4},"end":{"line":17,"column":29}},"9":{"start":{"line":17,"column":22},"end":{"line":17,"column":29}},"10":{"start":{"line":18,"column":4},"end":{"line":21,"column":5}},"11":{"start":{"line":19,"column":6},"end":{"line":19,"column":43}},"12":{"start":{"line":20,"column":6},"end":{"line":20,"column":13}},"13":{"start":{"line":22,"column":24},"end":{"line":22,"column":55}},"14":{"start":{"line":23,"column":4},"end":{"line":26,"column":5}},"15":{"start":{"line":24,"column":6},"end":{"line":24,"column":40}},"16":{"start":{"line":25,"column":6},"end":{"line":25,"column":13}},"17":{"start":{"line":27,"column":4},"end":{"line":27,"column":26}},"18":{"start":{"line":28,"column":4},"end":{"line":32,"column":5}},"19":{"start":{"line":29,"column":6},"end":{"line":29,"column":62}},"20":{"start":{"line":31,"column":6},"end":{"line":31,"column":29}},"21":{"start":{"line":35,"column":2},"end":{"line":85,"column":4}},"22":{"start":{"line":88,"column":15},"end":{"line":157,"column":2}}},"fnMap":{"0":{"name":"ProductModal","decl":{"start":{"line":4,"column":16},"end":{"line":4,"column":28}},"loc":{"start":{"line":4,"column":78},"end":{"line":86,"column":1}},"line":4},"1":{"name":"(anonymous_1)","decl":{"start":{"line":9,"column":12},"end":{"line":9,"column":13}},"loc":{"start":{"line":9,"column":18},"end":{"line":14,"column":3}},"line":9},"2":{"name":"(anonymous_2)","decl":{"start":{"line":16,"column":21},"end":{"line":16,"column":22}},"loc":{"start":{"line":16,"column":33},"end":{"line":33,"column":3}},"line":16}},"branchMap":{"0":{"loc":{"start":{"line":10,"column":4},"end":{"line":13,"column":5}},"type":"if","locations":[{"start":{"line":10,"column":4},"end":{"line":13,"column":5}},{"start":{},"end":{}}],"line":10},"1":{"loc":{"start":{"line":11,"column":14},"end":{"line":11,"column":33}},"type":"binary-expr","locations":[{"start":{"line":11,"column":14},"end":{"line":11,"column":27}},{"start":{"line":11,"column":31},"end":{"line":11,"column":33}}],"line":11},"2":{"loc":{"start":{"line":12,"column":15},"end":{"line":12,"column":66}},"type":"cond-expr","locations":[{"start":{"line":12,"column":40},"end":{"line":12,"column":61}},{"start":{"line":12,"column":64},"end":{"line":12,"column":66}}],"line":12},"3":{"loc":{"start":{"line":17,"column":4},"end":{"line":17,"column":29}},"type":"if","locations":[{"start":{"line":17,"column":4},"end":{"line":17,"column":29}},{"start":{},"end":{}}],"line":17},"4":{"loc":{"start":{"line":18,"column":4},"end":{"line":21,"column":5}},"type":"if","locations":[{"start":{"line":18,"column":4},"end":{"line":21,"column":5}},{"start":{},"end":{}}],"line":18},"5":{"loc":{"start":{"line":23,"column":4},"end":{"line":26,"column":5}},"type":"if","locations":[{"start":{"line":23,"column":4},"end":{"line":26,"column":5}},{"start":{},"end":{}}],"line":23},"6":{"loc":{"start":{"line":23,"column":8},"end":{"line":23,"column":50}},"type":"binary-expr","locations":[{"start":{"line":23,"column":8},"end":{"line":23,"column":21}},{"start":{"line":23,"column":25},"end":{"line":23,"column":50}}],"line":23},"7":{"loc":{"start":{"line":39,"column":38},"end":{"line":39,"column":81}},"type":"cond-expr","locations":[{"start":{"line":39,"column":48},"end":{"line":39,"column":64}},{"start":{"line":39,"column":67},"end":{"line":39,"column":81}}],"line":39},"8":{"loc":{"start":{"line":63,"column":39},"end":{"line":63,"column":76}},"type":"binary-expr","locations":[{"start":{"line":63,"column":39},"end":{"line":63,"column":51}},{"start":{"line":63,"column":55},"end":{"line":63,"column":76}}],"line":63},"9":{"loc":{"start":{"line":69,"column":15},"end":{"line":69,"column":54}},"type":"cond-expr","locations":[{"start":{"line":69,"column":30},"end":{"line":69,"column":43}},{"start":{"line":69,"column":46},"end":{"line":69,"column":54}}],"line":69},"10":{"loc":{"start":{"line":73,"column":11},"end":{"line":77,"column":11}},"type":"binary-expr","locations":[{"start":{"line":73,"column":11},"end":{"line":73,"column":18}},{"start":{"line":74,"column":12},"end":{"line":76,"column":31}}],"line":73}},"s":{"0":0,"1":0,"2":0,"3":0,"4":0,"5":0,"6":0,"7":0,"8":0,"9":0,"10":0,"11":0,"12":0,"13":0,"14":0,"15":0,"16":0,"17":0,"18":0,"19":0,"20":0,"21":0,"22":0},"f":{"0":0,"1":0,"2":0},"b":{"0":[0,0],"1":[0,0],"2":[0,0],"3":[0,0],"4":[0,0],"5":[0,0],"6":[0,0],"7":[0,0],"8":[0,0],"9":[0,0],"10":[0,0]}}
,"/Users/gabrielfernandes/Documents/repositorios/barber-click/src/components/ui/AddPhotoButton.js": {"path":"/Users/gabrielfernandes/Documents/repositorios/barber-click/src/components/ui/AddPhotoButton.js","statementMap":{"0":{"start":{"line":8,"column":4},"end":{"line":20,"column":5}},"1":{"start":{"line":23,"column":15},"end":{"line":42,"column":1}}},"fnMap":{"0":{"name":"AddPhotoButton","decl":{"start":{"line":7,"column":16},"end":{"line":7,"column":30}},"loc":{"start":{"line":7,"column":50},"end":{"line":21,"column":1}},"line":7}},"branchMap":{},"s":{"0":0,"1":0},"f":{"0":0},"b":{}}
,"/Users/gabrielfernandes/Documents/repositorios/barber-click/src/constants/images.js": {"path":"/Users/gabrielfernandes/Documents/repositorios/barber-click/src/constants/images.js","statementMap":{"0":{"start":{"line":1,"column":40},"end":{"line":1,"column":72}}},"fnMap":{},"branchMap":{},"s":{"0":0},"f":{},"b":{}}
,"/Users/gabrielfernandes/Documents/repositorios/barber-click/src/context/AppointmentContext.js": {"path":"/Users/gabrielfernandes/Documents/repositorios/barber-click/src/context/AppointmentContext.js","statementMap":{"0":{"start":{"line":5,"column":27},"end":{"line":5,"column":51}},"1":{"start":{"line":8,"column":2},"end":{"line":21,"column":4}},"2":{"start":{"line":24,"column":31},"end":{"line":35,"column":1}},"3":{"start":{"line":37,"column":30},"end":{"line":48,"column":1}},"4":{"start":{"line":50,"column":36},"end":{"line":63,"column":1}},"5":{"start":{"line":66,"column":42},"end":{"line":66,"column":54}},"6":{"start":{"line":67,"column":32},"end":{"line":67,"column":46}},"7":{"start":{"line":68,"column":28},"end":{"line":68,"column":42}},"8":{"start":{"line":69,"column":19},"end":{"line":69,"column":28}},"9":{"start":{"line":71,"column":28},"end":{"line":90,"column":12}},"10":{"start":{"line":72,"column":4},"end":{"line":72,"column":21}},"11":{"start":{"line":73,"column":4},"end":{"line":73,"column":19}},"12":{"start":{"line":74,"column":4},"end":{"line":78,"column":5}},"13":{"start":{"line":75,"column":6},"end":{"line":75,"column":26}},"14":{"start":{"line":76,"column":6},"end":{"line":76,"column":24}},"15":{"start":{"line":77,"column":6},"end":{"line":77,"column":13}},"16":{"start":{"line":79,"column":28},"end":{"line":81,"column":53}},"17":{"start":{"line":82,"column":4},"end":{"line":87,"column":5}},"18":{"start":{"line":83,"column":6},"end":{"line":83,"column":27}},"19":{"start":{"line":84,"column":6},"end":{"line":84,"column":30}},"20":{"start":{"line":85,"column":6},"end":{"line":85,"column":24}},"21":{"start":{"line":86,"column":6},"end":{"line":86,"column":13}},"22":{"start":{"line":88,"column":4},"end":{"line":88,"column":54}},"23":{"start":{"line":89,"column":4},"end":{"line":89,"column":22}},"24":{"start":{"line":92,"column":2},"end":{"line":94,"column":26}},"25":{"start":{"line":93,"column":4},"end":{"line":93,"column":24}},"26":{"start":{"line":96,"column":25},"end":{"line":112,"column":3}},"27":{"start":{"line":97,"column":22},"end":{"line":102,"column":6}},"28":{"start":{"line":103,"column":4},"end":{"line":109,"column":5}},"29":{"start":{"line":104,"column":6},"end":{"line":104,"column":30}},"30":{"start":{"line":105,"column":6},"end":{"line":108,"column":8}},"31":{"start":{"line":110,"column":4},"end":{"line":110,"column":30}},"32":{"start":{"line":111,"column":4},"end":{"line":111,"column":29}},"33":{"start":{"line":114,"column":23},"end":{"line":127,"column":3}},"34":{"start":{"line":115,"column":22},"end":{"line":118,"column":6}},"35":{"start":{"line":119,"column":4},"end":{"line":124,"column":5}},"36":{"start":{"line":120,"column":6},"end":{"line":123,"column":8}},"37":{"start":{"line":125,"column":4},"end":{"line":125,"column":30}},"38":{"start":{"line":126,"column":4},"end":{"line":126,"column":29}},"39":{"start":{"line":129,"column":28},"end":{"line":141,"column":3}},"40":{"start":{"line":130,"column":22},"end":{"line":132,"column":6}},"41":{"start":{"line":133,"column":4},"end":{"line":138,"column":5}},"42":{"start":{"line":134,"column":6},"end":{"line":137,"column":8}},"43":{"start":{"line":139,"column":4},"end":{"line":139,"column":30}},"44":{"start":{"line":140,"column":4},"end":{"line":140,"column":29}},"45":{"start":{"line":143,"column":28},"end":{"line":148,"column":3}},"46":{"start":{"line":144,"column":22},"end":{"line":144,"column":79}},"47":{"start":{"line":145,"column":4},"end":{"line":145,"column":65}},"48":{"start":{"line":145,"column":15},"end":{"line":145,"column":65}},"49":{"start":{"line":146,"column":4},"end":{"line":146,"column":30}},"50":{"start":{"line":147,"column":4},"end":{"line":147,"column":29}},"51":{"start":{"line":150,"column":16},"end":{"line":159,"column":3}},"52":{"start":{"line":161,"column":2},"end":{"line":161,"column":93}},"53":{"start":{"line":165,"column":18},"end":{"line":165,"column":48}},"54":{"start":{"line":166,"column":2},"end":{"line":168,"column":3}},"55":{"start":{"line":167,"column":4},"end":{"line":167,"column":87}},"56":{"start":{"line":169,"column":2},"end":{"line":169,"column":17}}},"fnMap":{"0":{"name":"mapAppointment","decl":{"start":{"line":7,"column":9},"end":{"line":7,"column":23}},"loc":{"start":{"line":7,"column":29},"end":{"line":22,"column":1}},"line":7},"1":{"name":"AppointmentProvider","decl":{"start":{"line":65,"column":16},"end":{"line":65,"column":35}},"loc":{"start":{"line":65,"column":50},"end":{"line":162,"column":1}},"line":65},"2":{"name":"(anonymous_2)","decl":{"start":{"line":71,"column":40},"end":{"line":71,"column":41}},"loc":{"start":{"line":71,"column":52},"end":{"line":90,"column":3}},"line":71},"3":{"name":"(anonymous_3)","decl":{"start":{"line":92,"column":12},"end":{"line":92,"column":13}},"loc":{"start":{"line":92,"column":18},"end":{"line":94,"column":3}},"line":92},"4":{"name":"(anonymous_4)","decl":{"start":{"line":96,"column":25},"end":{"line":96,"column":26}},"loc":{"start":{"line":96,"column":48},"end":{"line":112,"column":3}},"line":96},"5":{"name":"(anonymous_5)","decl":{"start":{"line":114,"column":23},"end":{"line":114,"column":24}},"loc":{"start":{"line":114,"column":45},"end":{"line":127,"column":3}},"line":114},"6":{"name":"(anonymous_6)","decl":{"start":{"line":129,"column":28},"end":{"line":129,"column":29}},"loc":{"start":{"line":129,"column":42},"end":{"line":141,"column":3}},"line":129},"7":{"name":"(anonymous_7)","decl":{"start":{"line":143,"column":28},"end":{"line":143,"column":29}},"loc":{"start":{"line":143,"column":42},"end":{"line":148,"column":3}},"line":143},"8":{"name":"useAppointments","decl":{"start":{"line":164,"column":16},"end":{"line":164,"column":31}},"loc":{"start":{"line":164,"column":34},"end":{"line":170,"column":1}},"line":164}},"branchMap":{"0":{"loc":{"start":{"line":11,"column":14},"end":{"line":11,"column":41}},"type":"binary-expr","locations":[{"start":{"line":11,"column":14},"end":{"line":11,"column":35}},{"start":{"line":11,"column":39},"end":{"line":11,"column":41}}],"line":11},"1":{"loc":{"start":{"line":13,"column":17},"end":{"line":13,"column":41}},"type":"binary-expr","locations":[{"start":{"line":13,"column":17},"end":{"line":13,"column":35}},{"start":{"line":13,"column":39},"end":{"line":13,"column":41}}],"line":13},"2":{"loc":{"start":{"line":16,"column":13},"end":{"line":16,"column":49}},"type":"cond-expr","locations":[{"start":{"line":16,"column":24},"end":{"line":16,"column":44}},{"start":{"line":16,"column":47},"end":{"line":16,"column":49}}],"line":16},"3":{"loc":{"start":{"line":74,"column":4},"end":{"line":78,"column":5}},"type":"if","locations":[{"start":{"line":74,"column":4},"end":{"line":78,"column":5}},{"start":{},"end":{}}],"line":74},"4":{"loc":{"start":{"line":82,"column":4},"end":{"line":87,"column":5}},"type":"if","locations":[{"start":{"line":82,"column":4},"end":{"line":87,"column":5}},{"start":{},"end":{}}],"line":82},"5":{"loc":{"start":{"line":88,"column":21},"end":{"line":88,"column":31}},"type":"binary-expr","locations":[{"start":{"line":88,"column":21},"end":{"line":88,"column":25}},{"start":{"line":88,"column":29},"end":{"line":88,"column":31}}],"line":88},"6":{"loc":{"start":{"line":103,"column":4},"end":{"line":109,"column":5}},"type":"if","locations":[{"start":{"line":103,"column":4},"end":{"line":109,"column":5}},{"start":{},"end":{}}],"line":103},"7":{"loc":{"start":{"line":107,"column":17},"end":{"line":107,"column":71}},"type":"binary-expr","locations":[{"start":{"line":107,"column":17},"end":{"line":107,"column":54}},{"start":{"line":107,"column":58},"end":{"line":107,"column":71}}],"line":107},"8":{"loc":{"start":{"line":119,"column":4},"end":{"line":124,"column":5}},"type":"if","locations":[{"start":{"line":119,"column":4},"end":{"line":124,"column":5}},{"start":{},"end":{}}],"line":119},"9":{"loc":{"start":{"line":122,"column":17},"end":{"line":122,"column":70}},"type":"binary-expr","locations":[{"start":{"line":122,"column":17},"end":{"line":122,"column":53}},{"start":{"line":122,"column":57},"end":{"line":122,"column":70}}],"line":122},"10":{"loc":{"start":{"line":133,"column":4},"end":{"line":138,"column":5}},"type":"if","locations":[{"start":{"line":133,"column":4},"end":{"line":138,"column":5}},{"start":{},"end":{}}],"line":133},"11":{"loc":{"start":{"line":136,"column":17},"end":{"line":136,"column":76}},"type":"binary-expr","locations":[{"start":{"line":136,"column":17},"end":{"line":136,"column":59}},{"start":{"line":136,"column":63},"end":{"line":136,"column":76}}],"line":136},"12":{"loc":{"start":{"line":145,"column":4},"end":{"line":145,"column":65}},"type":"if","locations":[{"start":{"line":145,"column":4},"end":{"line":145,"column":65}},{"start":{},"end":{}}],"line":145},"13":{"loc":{"start":{"line":166,"column":2},"end":{"line":168,"column":3}},"type":"if","locations":[{"start":{"line":166,"column":2},"end":{"line":168,"column":3}},{"start":{},"end":{}}],"line":166}},"s":{"0":0,"1":0,"2":0,"3":0,"4":0,"5":0,"6":0,"7":0,"8":0,"9":0,"10":0,"11":0,"12":0,"13":0,"14":0,"15":0,"16":0,"17":0,"18":0,"19":0,"20":0,"21":0,"22":0,"23":0,"24":0,"25":0,"26":0,"27":0,"28":0,"29":0,"30":0,"31":0,"32":0,"33":0,"34":0,"35":0,"36":0,"37":0,"38":0,"39":0,"40":0,"41":0,"42":0,"43":0,"44":0,"45":0,"46":0,"47":0,"48":0,"49":0,"50":0,"51":0,"52":0,"53":0,"54":0,"55":0,"56":0},"f":{"0":0,"1":0,"2":0,"3":0,"4":0,"5":0,"6":0,"7":0,"8":0},"b":{"0":[0,0],"1":[0,0],"2":[0,0],"3":[0,0],"4":[0,0],"5":[0,0],"6":[0,0],"7":[0,0],"8":[0,0],"9":[0,0],"10":[0,0],"11":[0,0],"12":[0,0],"13":[0,0]}}
,"/Users/gabrielfernandes/Documents/repositorios/barber-click/src/context/AuthContext.js": {"path":"/Users/gabrielfernandes/Documents/repositorios/barber-click/src/context/AuthContext.js","statementMap":{"0":{"start":{"line":12,"column":27},"end":{"line":12,"column":44}},"1":{"start":{"line":14,"column":29},"end":{"line":14,"column":46}},"2":{"start":{"line":16,"column":31},"end":{"line":18,"column":1}},"3":{"start":{"line":17,"column":2},"end":{"line":17,"column":54}},"4":{"start":{"line":20,"column":27},"end":{"line":27,"column":1}},"5":{"start":{"line":21,"column":2},"end":{"line":21,"column":90}},"6":{"start":{"line":21,"column":53},"end":{"line":21,"column":90}},"7":{"start":{"line":22,"column":2},"end":{"line":22,"column":92}},"8":{"start":{"line":22,"column":51},"end":{"line":22,"column":92}},"9":{"start":{"line":23,"column":2},"end":{"line":23,"column":105}},"10":{"start":{"line":23,"column":55},"end":{"line":23,"column":105}},"11":{"start":{"line":24,"column":2},"end":{"line":24,"column":108}},"12":{"start":{"line":24,"column":38},"end":{"line":24,"column":108}},"13":{"start":{"line":25,"column":2},"end":{"line":25,"column":104}},"14":{"start":{"line":25,"column":47},"end":{"line":25,"column":104}},"15":{"start":{"line":26,"column":2},"end":{"line":26,"column":56}},"16":{"start":{"line":30,"column":26},"end":{"line":30,"column":40}},"17":{"start":{"line":31,"column":54},"end":{"line":31,"column":68}},"18":{"start":{"line":32,"column":50},"end":{"line":32,"column":65}},"19":{"start":{"line":33,"column":52},"end":{"line":33,"column":67}},"20":{"start":{"line":34,"column":32},"end":{"line":34,"column":46}},"21":{"start":{"line":35,"column":20},"end":{"line":35,"column":33}},"22":{"start":{"line":37,"column":22},"end":{"line":53,"column":8}},"23":{"start":{"line":38,"column":21},"end":{"line":42,"column":15}},"24":{"start":{"line":44,"column":4},"end":{"line":51,"column":7}},"25":{"start":{"line":52,"column":4},"end":{"line":52,"column":22}},"26":{"start":{"line":55,"column":2},"end":{"line":57,"column":26}},"27":{"start":{"line":56,"column":4},"end":{"line":56,"column":42}},"28":{"start":{"line":59,"column":2},"end":{"line":120,"column":20}},"29":{"start":{"line":61,"column":17},"end":{"line":61,"column":21}},"30":{"start":{"line":63,"column":27},"end":{"line":112,"column":5}},"31":{"start":{"line":64,"column":6},"end":{"line":92,"column":7}},"32":{"start":{"line":65,"column":8},"end":{"line":65,"column":39}},"33":{"start":{"line":67,"column":54},"end":{"line":70,"column":10}},"34":{"start":{"line":71,"column":24},"end":{"line":71,"column":50}},"35":{"start":{"line":73,"column":8},"end":{"line":73,"column":28}},"36":{"start":{"line":73,"column":21},"end":{"line":73,"column":28}},"37":{"start":{"line":75,"column":8},"end":{"line":88,"column":9}},"38":{"start":{"line":76,"column":10},"end":{"line":76,"column":46}},"39":{"start":{"line":77,"column":10},"end":{"line":77,"column":36}},"40":{"start":{"line":78,"column":10},"end":{"line":78,"column":37}},"41":{"start":{"line":79,"column":10},"end":{"line":79,"column":28}},"42":{"start":{"line":80,"column":15},"end":{"line":88,"column":9}},"43":{"start":{"line":81,"column":10},"end":{"line":81,"column":65}},"44":{"start":{"line":81,"column":36},"end":{"line":81,"column":65}},"45":{"start":{"line":82,"column":10},"end":{"line":82,"column":37}},"46":{"start":{"line":83,"column":10},"end":{"line":83,"column":42}},"47":{"start":{"line":85,"column":10},"end":{"line":85,"column":65}},"48":{"start":{"line":85,"column":36},"end":{"line":85,"column":65}},"49":{"start":{"line":86,"column":10},"end":{"line":86,"column":37}},"50":{"start":{"line":87,"column":10},"end":{"line":87,"column":28}},"51":{"start":{"line":90,"column":8},"end":{"line":90,"column":60}},"52":{"start":{"line":91,"column":8},"end":{"line":91,"column":26}},"53":{"start":{"line":94,"column":27},"end":{"line":110,"column":8}},"54":{"start":{"line":95,"column":8},"end":{"line":95,"column":59}},"55":{"start":{"line":95,"column":52},"end":{"line":95,"column":59}},"56":{"start":{"line":97,"column":8},"end":{"line":103,"column":9}},"57":{"start":{"line":98,"column":10},"end":{"line":98,"column":24}},"58":{"start":{"line":99,"column":10},"end":{"line":99,"column":38}},"59":{"start":{"line":100,"column":10},"end":{"line":100,"column":38}},"60":{"start":{"line":101,"column":10},"end":{"line":101,"column":28}},"61":{"start":{"line":102,"column":10},"end":{"line":102,"column":17}},"62":{"start":{"line":105,"column":8},"end":{"line":105,"column":38}},"63":{"start":{"line":105,"column":31},"end":{"line":105,"column":38}},"64":{"start":{"line":107,"column":8},"end":{"line":109,"column":14}},"65":{"start":{"line":108,"column":10},"end":{"line":108,"column":48}},"66":{"start":{"line":108,"column":22},"end":{"line":108,"column":48}},"67":{"start":{"line":111,"column":6},"end":{"line":111,"column":52}},"68":{"start":{"line":114,"column":4},"end":{"line":114,"column":21}},"69":{"start":{"line":116,"column":4},"end":{"line":119,"column":6}},"70":{"start":{"line":117,"column":6},"end":{"line":117,"column":21}},"71":{"start":{"line":118,"column":6},"end":{"line":118,"column":34}},"72":{"start":{"line":122,"column":19},"end":{"line":134,"column":3}},"73":{"start":{"line":123,"column":22},"end":{"line":127,"column":6}},"74":{"start":{"line":128,"column":4},"end":{"line":131,"column":5}},"75":{"start":{"line":129,"column":6},"end":{"line":129,"column":47}},"76":{"start":{"line":130,"column":6},"end":{"line":130,"column":19}},"77":{"start":{"line":132,"column":4},"end":{"line":132,"column":45}},"78":{"start":{"line":133,"column":4},"end":{"line":133,"column":16}},"79":{"start":{"line":136,"column":16},"end":{"line":150,"column":3}},"80":{"start":{"line":137,"column":28},"end":{"line":137,"column":87}},"81":{"start":{"line":138,"column":4},"end":{"line":141,"column":5}},"82":{"start":{"line":139,"column":6},"end":{"line":139,"column":47}},"83":{"start":{"line":140,"column":6},"end":{"line":140,"column":18}},"84":{"start":{"line":143,"column":33},"end":{"line":143,"column":59}},"85":{"start":{"line":144,"column":4},"end":{"line":147,"column":5}},"86":{"start":{"line":145,"column":6},"end":{"line":145,"column":35}},"87":{"start":{"line":146,"column":6},"end":{"line":146,"column":33}},"88":{"start":{"line":148,"column":4},"end":{"line":148,"column":33}},"89":{"start":{"line":149,"column":4},"end":{"line":149,"column":21}},"90":{"start":{"line":152,"column":17},"end":{"line":162,"column":3}},"91":{"start":{"line":153,"column":4},"end":{"line":156,"column":7}},"92":{"start":{"line":157,"column":4},"end":{"line":157,"column":34}},"93":{"start":{"line":158,"column":4},"end":{"line":158,"column":31}},"94":{"start":{"line":159,"column":4},"end":{"line":159,"column":32}},"95":{"start":{"line":160,"column":4},"end":{"line":160,"column":32}},"96":{"start":{"line":161,"column":4},"end":{"line":161,"column":18}},"97":{"start":{"line":164,"column":26},"end":{"line":194,"column":3}},"98":{"start":{"line":165,"column":15},"end":{"line":165,"column":33}},"99":{"start":{"line":166,"column":4},"end":{"line":168,"column":5}},"100":{"start":{"line":167,"column":6},"end":{"line":167,"column":92}},"101":{"start":{"line":170,"column":4},"end":{"line":193,"column":5}},"102":{"start":{"line":171,"column":40},"end":{"line":174,"column":8}},"103":{"start":{"line":175,"column":6},"end":{"line":177,"column":7}},"104":{"start":{"line":176,"column":8},"end":{"line":176,"column":100}},"105":{"start":{"line":179,"column":19},"end":{"line":182,"column":8}},"106":{"start":{"line":183,"column":6},"end":{"line":185,"column":7}},"107":{"start":{"line":184,"column":8},"end":{"line":184,"column":88}},"108":{"start":{"line":187,"column":6},"end":{"line":187,"column":35}},"109":{"start":{"line":188,"column":6},"end":{"line":188,"column":32}},"110":{"start":{"line":189,"column":6},"end":{"line":189,"column":31}},"111":{"start":{"line":191,"column":6},"end":{"line":191,"column":56}},"112":{"start":{"line":192,"column":6},"end":{"line":192,"column":99}},"113":{"start":{"line":196,"column":26},"end":{"line":211,"column":3}},"114":{"start":{"line":197,"column":4},"end":{"line":197,"column":42}},"115":{"start":{"line":197,"column":29},"end":{"line":197,"column":42}},"116":{"start":{"line":199,"column":17},"end":{"line":203,"column":6}},"117":{"start":{"line":204,"column":4},"end":{"line":204,"column":36}},"118":{"start":{"line":204,"column":23},"end":{"line":204,"column":36}},"119":{"start":{"line":206,"column":4},"end":{"line":206,"column":21}},"120":{"start":{"line":207,"column":4},"end":{"line":207,"column":42}},"121":{"start":{"line":208,"column":4},"end":{"line":208,"column":32}},"122":{"start":{"line":209,"column":4},"end":{"line":209,"column":32}},"123":{"start":{"line":210,"column":4},"end":{"line":210,"column":16}},"124":{"start":{"line":213,"column":23},"end":{"line":245,"column":3}},"125":{"start":{"line":214,"column":4},"end":{"line":214,"column":78}},"126":{"start":{"line":214,"column":15},"end":{"line":214,"column":78}},"127":{"start":{"line":216,"column":21},"end":{"line":219,"column":6}},"128":{"start":{"line":217,"column":6},"end":{"line":217,"column":53}},"129":{"start":{"line":218,"column":6},"end":{"line":218,"column":18}},"130":{"start":{"line":220,"column":4},"end":{"line":222,"column":5}},"131":{"start":{"line":221,"column":6},"end":{"line":221,"column":93}},"132":{"start":{"line":224,"column":22},"end":{"line":227,"column":24}},"133":{"start":{"line":228,"column":4},"end":{"line":231,"column":5}},"134":{"start":{"line":229,"column":6},"end":{"line":229,"column":77}},"135":{"start":{"line":230,"column":6},"end":{"line":230,"column":107}},"136":{"start":{"line":233,"column":25},"end":{"line":233,"column":40}},"137":{"start":{"line":234,"column":4},"end":{"line":238,"column":8}},"138":{"start":{"line":234,"column":23},"end":{"line":238,"column":5}},"139":{"start":{"line":239,"column":4},"end":{"line":243,"column":5}},"140":{"start":{"line":240,"column":6},"end":{"line":242,"column":9}},"141":{"start":{"line":241,"column":8},"end":{"line":241,"column":72}},"142":{"start":{"line":244,"column":4},"end":{"line":244,"column":29}},"143":{"start":{"line":247,"column":2},"end":{"line":264,"column":4}},"144":{"start":{"line":267,"column":23},"end":{"line":267,"column":52}},"145":{"start":{"line":267,"column":29},"end":{"line":267,"column":52}}},"fnMap":{"0":{"name":"(anonymous_0)","decl":{"start":{"line":16,"column":31},"end":{"line":16,"column":32}},"loc":{"start":{"line":16,"column":43},"end":{"line":18,"column":1}},"line":16},"1":{"name":"(anonymous_1)","decl":{"start":{"line":20,"column":27},"end":{"line":20,"column":28}},"loc":{"start":{"line":20,"column":40},"end":{"line":27,"column":1}},"line":20},"2":{"name":"AuthProvider","decl":{"start":{"line":29,"column":16},"end":{"line":29,"column":28}},"loc":{"start":{"line":29,"column":43},"end":{"line":265,"column":1}},"line":29},"3":{"name":"(anonymous_3)","decl":{"start":{"line":37,"column":34},"end":{"line":37,"column":35}},"loc":{"start":{"line":37,"column":54},"end":{"line":53,"column":3}},"line":37},"4":{"name":"(anonymous_4)","decl":{"start":{"line":55,"column":12},"end":{"line":55,"column":13}},"loc":{"start":{"line":55,"column":18},"end":{"line":57,"column":3}},"line":55},"5":{"name":"(anonymous_5)","decl":{"start":{"line":59,"column":12},"end":{"line":59,"column":13}},"loc":{"start":{"line":59,"column":18},"end":{"line":120,"column":3}},"line":59},"6":{"name":"(anonymous_6)","decl":{"start":{"line":63,"column":27},"end":{"line":63,"column":28}},"loc":{"start":{"line":63,"column":39},"end":{"line":112,"column":5}},"line":63},"7":{"name":"(anonymous_7)","decl":{"start":{"line":94,"column":59},"end":{"line":94,"column":60}},"loc":{"start":{"line":94,"column":79},"end":{"line":110,"column":7}},"line":94},"8":{"name":"(anonymous_8)","decl":{"start":{"line":107,"column":19},"end":{"line":107,"column":20}},"loc":{"start":{"line":107,"column":25},"end":{"line":109,"column":9}},"line":107},"9":{"name":"(anonymous_9)","decl":{"start":{"line":116,"column":11},"end":{"line":116,"column":12}},"loc":{"start":{"line":116,"column":17},"end":{"line":119,"column":5}},"line":116},"10":{"name":"(anonymous_10)","decl":{"start":{"line":122,"column":19},"end":{"line":122,"column":20}},"loc":{"start":{"line":122,"column":62},"end":{"line":134,"column":3}},"line":122},"11":{"name":"(anonymous_11)","decl":{"start":{"line":136,"column":16},"end":{"line":136,"column":17}},"loc":{"start":{"line":136,"column":43},"end":{"line":150,"column":3}},"line":136},"12":{"name":"(anonymous_12)","decl":{"start":{"line":152,"column":17},"end":{"line":152,"column":18}},"loc":{"start":{"line":152,"column":29},"end":{"line":162,"column":3}},"line":152},"13":{"name":"(anonymous_13)","decl":{"start":{"line":164,"column":26},"end":{"line":164,"column":27}},"loc":{"start":{"line":164,"column":44},"end":{"line":194,"column":3}},"line":164},"14":{"name":"(anonymous_14)","decl":{"start":{"line":196,"column":26},"end":{"line":196,"column":27}},"loc":{"start":{"line":196,"column":38},"end":{"line":211,"column":3}},"line":196},"15":{"name":"(anonymous_15)","decl":{"start":{"line":213,"column":23},"end":{"line":213,"column":24}},"loc":{"start":{"line":213,"column":38},"end":{"line":245,"column":3}},"line":213},"16":{"name":"(anonymous_16)","decl":{"start":{"line":216,"column":60},"end":{"line":216,"column":61}},"loc":{"start":{"line":216,"column":71},"end":{"line":219,"column":5}},"line":216},"17":{"name":"(anonymous_17)","decl":{"start":{"line":234,"column":12},"end":{"line":234,"column":13}},"loc":{"start":{"line":234,"column":23},"end":{"line":238,"column":5}},"line":234},"18":{"name":"(anonymous_18)","decl":{"start":{"line":240,"column":61},"end":{"line":240,"column":62}},"loc":{"start":{"line":240,"column":79},"end":{"line":242,"column":7}},"line":240},"19":{"name":"(anonymous_19)","decl":{"start":{"line":267,"column":23},"end":{"line":267,"column":24}},"loc":{"start":{"line":267,"column":29},"end":{"line":267,"column":52}},"line":267}},"branchMap":{"0":{"loc":{"start":{"line":21,"column":2},"end":{"line":21,"column":90}},"type":"if","locations":[{"start":{"line":21,"column":2},"end":{"line":21,"column":90}},{"start":{},"end":{}}],"line":21},"1":{"loc":{"start":{"line":22,"column":2},"end":{"line":22,"column":92}},"type":"if","locations":[{"start":{"line":22,"column":2},"end":{"line":22,"column":92}},{"start":{},"end":{}}],"line":22},"2":{"loc":{"start":{"line":23,"column":2},"end":{"line":23,"column":105}},"type":"if","locations":[{"start":{"line":23,"column":2},"end":{"line":23,"column":105}},{"start":{},"end":{}}],"line":23},"3":{"loc":{"start":{"line":24,"column":2},"end":{"line":24,"column":108}},"type":"if","locations":[{"start":{"line":24,"column":2},"end":{"line":24,"column":108}},{"start":{},"end":{}}],"line":24},"4":{"loc":{"start":{"line":25,"column":2},"end":{"line":25,"column":104}},"type":"if","locations":[{"start":{"line":25,"column":2},"end":{"line":25,"column":104}},{"start":{},"end":{}}],"line":25},"5":{"loc":{"start":{"line":47,"column":12},"end":{"line":47,"column":28}},"type":"binary-expr","locations":[{"start":{"line":47,"column":12},"end":{"line":47,"column":22}},{"start":{"line":47,"column":26},"end":{"line":47,"column":28}}],"line":47},"6":{"loc":{"start":{"line":48,"column":16},"end":{"line":48,"column":40}},"type":"binary-expr","locations":[{"start":{"line":48,"column":16},"end":{"line":48,"column":31}},{"start":{"line":48,"column":35},"end":{"line":48,"column":40}}],"line":48},"7":{"loc":{"start":{"line":50,"column":18},"end":{"line":50,"column":42}},"type":"binary-expr","locations":[{"start":{"line":50,"column":18},"end":{"line":50,"column":34}},{"start":{"line":50,"column":38},"end":{"line":50,"column":42}}],"line":50},"8":{"loc":{"start":{"line":73,"column":8},"end":{"line":73,"column":28}},"type":"if","locations":[{"start":{"line":73,"column":8},"end":{"line":73,"column":28}},{"start":{},"end":{}}],"line":73},"9":{"loc":{"start":{"line":75,"column":8},"end":{"line":88,"column":9}},"type":"if","locations":[{"start":{"line":75,"column":8},"end":{"line":88,"column":9}},{"start":{"line":80,"column":15},"end":{"line":88,"column":9}}],"line":75},"10":{"loc":{"start":{"line":75,"column":12},"end":{"line":75,"column":69}},"type":"binary-expr","locations":[{"start":{"line":75,"column":12},"end":{"line":75,"column":25}},{"start":{"line":75,"column":29},"end":{"line":75,"column":69}}],"line":75},"11":{"loc":{"start":{"line":80,"column":15},"end":{"line":88,"column":9}},"type":"if","locations":[{"start":{"line":80,"column":15},"end":{"line":88,"column":9}},{"start":{"line":84,"column":15},"end":{"line":88,"column":9}}],"line":80},"12":{"loc":{"start":{"line":81,"column":10},"end":{"line":81,"column":65}},"type":"if","locations":[{"start":{"line":81,"column":10},"end":{"line":81,"column":65}},{"start":{},"end":{}}],"line":81},"13":{"loc":{"start":{"line":85,"column":10},"end":{"line":85,"column":65}},"type":"if","locations":[{"start":{"line":85,"column":10},"end":{"line":85,"column":65}},{"start":{},"end":{}}],"line":85},"14":{"loc":{"start":{"line":95,"column":8},"end":{"line":95,"column":59}},"type":"if","locations":[{"start":{"line":95,"column":8},"end":{"line":95,"column":59}},{"start":{},"end":{}}],"line":95},"15":{"loc":{"start":{"line":95,"column":12},"end":{"line":95,"column":50}},"type":"binary-expr","locations":[{"start":{"line":95,"column":12},"end":{"line":95,"column":19}},{"start":{"line":95,"column":23},"end":{"line":95,"column":50}}],"line":95},"16":{"loc":{"start":{"line":97,"column":8},"end":{"line":103,"column":9}},"type":"if","locations":[{"start":{"line":97,"column":8},"end":{"line":103,"column":9}},{"start":{},"end":{}}],"line":97},"17":{"loc":{"start":{"line":105,"column":8},"end":{"line":105,"column":38}},"type":"if","locations":[{"start":{"line":105,"column":8},"end":{"line":105,"column":38}},{"start":{},"end":{}}],"line":105},"18":{"loc":{"start":{"line":108,"column":10},"end":{"line":108,"column":48}},"type":"if","locations":[{"start":{"line":108,"column":10},"end":{"line":108,"column":48}},{"start":{},"end":{}}],"line":108},"19":{"loc":{"start":{"line":128,"column":4},"end":{"line":131,"column":5}},"type":"if","locations":[{"start":{"line":128,"column":4},"end":{"line":131,"column":5}},{"start":{},"end":{}}],"line":128},"20":{"loc":{"start":{"line":138,"column":4},"end":{"line":141,"column":5}},"type":"if","locations":[{"start":{"line":138,"column":4},"end":{"line":141,"column":5}},{"start":{},"end":{}}],"line":138},"21":{"loc":{"start":{"line":144,"column":4},"end":{"line":147,"column":5}},"type":"if","locations":[{"start":{"line":144,"column":4},"end":{"line":147,"column":5}},{"start":{},"end":{}}],"line":144},"22":{"loc":{"start":{"line":144,"column":8},"end":{"line":144,"column":69}},"type":"binary-expr","locations":[{"start":{"line":144,"column":8},"end":{"line":144,"column":28}},{"start":{"line":144,"column":32},"end":{"line":144,"column":69}}],"line":144},"23":{"loc":{"start":{"line":165,"column":15},"end":{"line":165,"column":33}},"type":"binary-expr","locations":[{"start":{"line":165,"column":15},"end":{"line":165,"column":21}},{"start":{"line":165,"column":25},"end":{"line":165,"column":33}}],"line":165},"24":{"loc":{"start":{"line":166,"column":4},"end":{"line":168,"column":5}},"type":"if","locations":[{"start":{"line":166,"column":4},"end":{"line":168,"column":5}},{"start":{},"end":{}}],"line":166},"25":{"loc":{"start":{"line":175,"column":6},"end":{"line":177,"column":7}},"type":"if","locations":[{"start":{"line":175,"column":6},"end":{"line":177,"column":7}},{"start":{},"end":{}}],"line":175},"26":{"loc":{"start":{"line":175,"column":10},"end":{"line":175,"column":37}},"type":"binary-expr","locations":[{"start":{"line":175,"column":10},"end":{"line":175,"column":22}},{"start":{"line":175,"column":26},"end":{"line":175,"column":37}}],"line":175},"27":{"loc":{"start":{"line":183,"column":6},"end":{"line":185,"column":7}},"type":"if","locations":[{"start":{"line":183,"column":6},"end":{"line":185,"column":7}},{"start":{},"end":{}}],"line":183},"28":{"loc":{"start":{"line":197,"column":4},"end":{"line":197,"column":42}},"type":"if","locations":[{"start":{"line":197,"column":4},"end":{"line":197,"column":42}},{"start":{},"end":{}}],"line":197},"29":{"loc":{"start":{"line":204,"column":4},"end":{"line":204,"column":36}},"type":"if","locations":[{"start":{"line":204,"column":4},"end":{"line":204,"column":36}},{"start":{},"end":{}}],"line":204},"30":{"loc":{"start":{"line":214,"column":4},"end":{"line":214,"column":78}},"type":"if","locations":[{"start":{"line":214,"column":4},"end":{"line":214,"column":78}},{"start":{},"end":{}}],"line":214},"31":{"loc":{"start":{"line":220,"column":4},"end":{"line":222,"column":5}},"type":"if","locations":[{"start":{"line":220,"column":4},"end":{"line":222,"column":5}},{"start":{},"end":{}}],"line":220},"32":{"loc":{"start":{"line":228,"column":4},"end":{"line":231,"column":5}},"type":"if","locations":[{"start":{"line":228,"column":4},"end":{"line":231,"column":5}},{"start":{},"end":{}}],"line":228},"33":{"loc":{"start":{"line":239,"column":4},"end":{"line":243,"column":5}},"type":"if","locations":[{"start":{"line":239,"column":4},"end":{"line":243,"column":5}},{"start":{},"end":{}}],"line":239}},"s":{"0":0,"1":0,"2":0,"3":0,"4":0,"5":0,"6":0,"7":0,"8":0,"9":0,"10":0,"11":0,"12":0,"13":0,"14":0,"15":0,"16":0,"17":0,"18":0,"19":0,"20":0,"21":0,"22":0,"23":0,"24":0,"25":0,"26":0,"27":0,"28":0,"29":0,"30":0,"31":0,"32":0,"33":0,"34":0,"35":0,"36":0,"37":0,"38":0,"39":0,"40":0,"41":0,"42":0,"43":0,"44":0,"45":0,"46":0,"47":0,"48":0,"49":0,"50":0,"51":0,"52":0,"53":0,"54":0,"55":0,"56":0,"57":0,"58":0,"59":0,"60":0,"61":0,"62":0,"63":0,"64":0,"65":0,"66":0,"67":0,"68":0,"69":0,"70":0,"71":0,"72":0,"73":0,"74":0,"75":0,"76":0,"77":0,"78":0,"79":0,"80":0,"81":0,"82":0,"83":0,"84":0,"85":0,"86":0,"87":0,"88":0,"89":0,"90":0,"91":0,"92":0,"93":0,"94":0,"95":0,"96":0,"97":0,"98":0,"99":0,"100":0,"101":0,"102":0,"103":0,"104":0,"105":0,"106":0,"107":0,"108":0,"109":0,"110":0,"111":0,"112":0,"113":0,"114":0,"115":0,"116":0,"117":0,"118":0,"119":0,"120":0,"121":0,"122":0,"123":0,"124":0,"125":0,"126":0,"127":0,"128":0,"129":0,"130":0,"131":0,"132":0,"133":0,"134":0,"135":0,"136":0,"137":0,"138":0,"139":0,"140":0,"141":0,"142":0,"143":0,"144":0,"145":0},"f":{"0":0,"1":0,"2":0,"3":0,"4":0,"5":0,"6":0,"7":0,"8":0,"9":0,"10":0,"11":0,"12":0,"13":0,"14":0,"15":0,"16":0,"17":0,"18":0,"19":0},"b":{"0":[0,0],"1":[0,0],"2":[0,0],"3":[0,0],"4":[0,0],"5":[0,0],"6":[0,0],"7":[0,0],"8":[0,0],"9":[0,0],"10":[0,0],"11":[0,0],"12":[0,0],"13":[0,0],"14":[0,0],"15":[0,0],"16":[0,0],"17":[0,0],"18":[0,0],"19":[0,0],"20":[0,0],"21":[0,0],"22":[0,0],"23":[0,0],"24":[0,0],"25":[0,0],"26":[0,0],"27":[0,0],"28":[0,0],"29":[0,0],"30":[0,0],"31":[0,0],"32":[0,0],"33":[0,0]}}
,"/Users/gabrielfernandes/Documents/repositorios/barber-click/src/context/BarbershopContext.js": {"path":"/Users/gabrielfernandes/Documents/repositorios/barber-click/src/context/BarbershopContext.js","statementMap":{"0":{"start":{"line":6,"column":26},"end":{"line":6,"column":50}},"1":{"start":{"line":9,"column":2},"end":{"line":23,"column":4}},"2":{"start":{"line":22,"column":47},"end":{"line":22,"column":89}},"3":{"start":{"line":27,"column":40},"end":{"line":27,"column":52}},"4":{"start":{"line":28,"column":32},"end":{"line":28,"column":46}},"5":{"start":{"line":29,"column":28},"end":{"line":29,"column":42}},"6":{"start":{"line":31,"column":27},"end":{"line":46,"column":8}},"7":{"start":{"line":32,"column":4},"end":{"line":32,"column":21}},"8":{"start":{"line":33,"column":4},"end":{"line":33,"column":19}},"9":{"start":{"line":34,"column":28},"end":{"line":37,"column":48}},"10":{"start":{"line":38,"column":4},"end":{"line":43,"column":5}},"11":{"start":{"line":39,"column":6},"end":{"line":39,"column":27}},"12":{"start":{"line":40,"column":6},"end":{"line":40,"column":30}},"13":{"start":{"line":41,"column":6},"end":{"line":41,"column":24}},"14":{"start":{"line":42,"column":6},"end":{"line":42,"column":13}},"15":{"start":{"line":44,"column":4},"end":{"line":44,"column":52}},"16":{"start":{"line":45,"column":4},"end":{"line":45,"column":22}},"17":{"start":{"line":48,"column":2},"end":{"line":50,"column":25}},"18":{"start":{"line":49,"column":4},"end":{"line":49,"column":23}},"19":{"start":{"line":52,"column":24},"end":{"line":111,"column":3}},"20":{"start":{"line":53,"column":28},"end":{"line":66,"column":15}},"21":{"start":{"line":67,"column":4},"end":{"line":74,"column":5}},"22":{"start":{"line":68,"column":6},"end":{"line":68,"column":55}},"23":{"start":{"line":69,"column":6},"end":{"line":73,"column":8}},"24":{"start":{"line":76,"column":21},"end":{"line":76,"column":25}},"25":{"start":{"line":77,"column":4},"end":{"line":91,"column":5}},"26":{"start":{"line":78,"column":6},"end":{"line":90,"column":7}},"27":{"start":{"line":79,"column":25},"end":{"line":79,"column":82}},"28":{"start":{"line":80,"column":44},"end":{"line":83,"column":28}},"29":{"start":{"line":84,"column":8},"end":{"line":87,"column":9}},"30":{"start":{"line":85,"column":10},"end":{"line":85,"column":76}},"31":{"start":{"line":86,"column":10},"end":{"line":86,"column":40}},"32":{"start":{"line":89,"column":8},"end":{"line":89,"column":27}},"33":{"start":{"line":93,"column":34},"end":{"line":95,"column":61}},"34":{"start":{"line":97,"column":4},"end":{"line":99,"column":5}},"35":{"start":{"line":98,"column":6},"end":{"line":98,"column":73}},"36":{"start":{"line":101,"column":4},"end":{"line":101,"column":29}},"37":{"start":{"line":103,"column":4},"end":{"line":110,"column":6}},"38":{"start":{"line":113,"column":27},"end":{"line":196,"column":3}},"39":{"start":{"line":114,"column":18},"end":{"line":122,"column":5}},"40":{"start":{"line":124,"column":28},"end":{"line":124,"column":32}},"41":{"start":{"line":125,"column":28},"end":{"line":125,"column":32}},"42":{"start":{"line":127,"column":4},"end":{"line":154,"column":5}},"43":{"start":{"line":128,"column":64},"end":{"line":132,"column":17}},"44":{"start":{"line":134,"column":6},"end":{"line":140,"column":7}},"45":{"start":{"line":135,"column":8},"end":{"line":139,"column":10}},"46":{"start":{"line":142,"column":6},"end":{"line":142,"column":60}},"47":{"start":{"line":143,"column":6},"end":{"line":153,"column":7}},"48":{"start":{"line":144,"column":25},"end":{"line":144,"column":78}},"49":{"start":{"line":145,"column":8},"end":{"line":145,"column":33}},"50":{"start":{"line":146,"column":8},"end":{"line":146,"column":32}},"51":{"start":{"line":148,"column":8},"end":{"line":152,"column":10}},"52":{"start":{"line":156,"column":39},"end":{"line":159,"column":19}},"53":{"start":{"line":161,"column":4},"end":{"line":171,"column":5}},"54":{"start":{"line":162,"column":6},"end":{"line":164,"column":7}},"55":{"start":{"line":163,"column":8},"end":{"line":163,"column":87}},"56":{"start":{"line":165,"column":6},"end":{"line":165,"column":69}},"57":{"start":{"line":166,"column":6},"end":{"line":170,"column":8}},"58":{"start":{"line":173,"column":4},"end":{"line":177,"column":5}},"59":{"start":{"line":174,"column":6},"end":{"line":176,"column":9}},"60":{"start":{"line":175,"column":8},"end":{"line":175,"column":78}},"61":{"start":{"line":179,"column":34},"end":{"line":183,"column":8}},"62":{"start":{"line":185,"column":4},"end":{"line":187,"column":5}},"63":{"start":{"line":186,"column":6},"end":{"line":186,"column":76}},"64":{"start":{"line":189,"column":4},"end":{"line":189,"column":29}},"65":{"start":{"line":191,"column":4},"end":{"line":195,"column":6}},"66":{"start":{"line":198,"column":21},"end":{"line":205,"column":3}},"67":{"start":{"line":199,"column":22},"end":{"line":201,"column":88}},"68":{"start":{"line":202,"column":4},"end":{"line":202,"column":65}},"69":{"start":{"line":202,"column":15},"end":{"line":202,"column":65}},"70":{"start":{"line":203,"column":4},"end":{"line":203,"column":29}},"71":{"start":{"line":204,"column":4},"end":{"line":204,"column":29}},"72":{"start":{"line":207,"column":24},"end":{"line":216,"column":3}},"73":{"start":{"line":208,"column":22},"end":{"line":212,"column":40}},"74":{"start":{"line":213,"column":4},"end":{"line":213,"column":65}},"75":{"start":{"line":213,"column":15},"end":{"line":213,"column":65}},"76":{"start":{"line":214,"column":4},"end":{"line":214,"column":29}},"77":{"start":{"line":215,"column":4},"end":{"line":215,"column":29}},"78":{"start":{"line":218,"column":24},"end":{"line":227,"column":3}},"79":{"start":{"line":219,"column":22},"end":{"line":223,"column":40}},"80":{"start":{"line":224,"column":4},"end":{"line":224,"column":65}},"81":{"start":{"line":224,"column":15},"end":{"line":224,"column":65}},"82":{"start":{"line":225,"column":4},"end":{"line":225,"column":29}},"83":{"start":{"line":226,"column":4},"end":{"line":226,"column":29}},"84":{"start":{"line":229,"column":16},"end":{"line":239,"column":3}},"85":{"start":{"line":241,"column":2},"end":{"line":241,"column":91}},"86":{"start":{"line":245,"column":18},"end":{"line":245,"column":47}},"87":{"start":{"line":246,"column":2},"end":{"line":248,"column":3}},"88":{"start":{"line":247,"column":4},"end":{"line":247,"column":85}},"89":{"start":{"line":249,"column":2},"end":{"line":249,"column":17}}},"fnMap":{"0":{"name":"mapBarbershop","decl":{"start":{"line":8,"column":9},"end":{"line":8,"column":22}},"loc":{"start":{"line":8,"column":28},"end":{"line":24,"column":1}},"line":8},"1":{"name":"(anonymous_1)","decl":{"start":{"line":22,"column":39},"end":{"line":22,"column":40}},"loc":{"start":{"line":22,"column":47},"end":{"line":22,"column":89}},"line":22},"2":{"name":"BarbershopProvider","decl":{"start":{"line":26,"column":16},"end":{"line":26,"column":34}},"loc":{"start":{"line":26,"column":49},"end":{"line":242,"column":1}},"line":26},"3":{"name":"(anonymous_3)","decl":{"start":{"line":31,"column":39},"end":{"line":31,"column":40}},"loc":{"start":{"line":31,"column":51},"end":{"line":46,"column":3}},"line":31},"4":{"name":"(anonymous_4)","decl":{"start":{"line":48,"column":12},"end":{"line":48,"column":13}},"loc":{"start":{"line":48,"column":18},"end":{"line":50,"column":3}},"line":48},"5":{"name":"(anonymous_5)","decl":{"start":{"line":52,"column":24},"end":{"line":52,"column":25}},"loc":{"start":{"line":52,"column":46},"end":{"line":111,"column":3}},"line":52},"6":{"name":"(anonymous_6)","decl":{"start":{"line":113,"column":27},"end":{"line":113,"column":28}},"loc":{"start":{"line":113,"column":54},"end":{"line":196,"column":3}},"line":113},"7":{"name":"(anonymous_7)","decl":{"start":{"line":174,"column":70},"end":{"line":174,"column":71}},"loc":{"start":{"line":174,"column":81},"end":{"line":176,"column":7}},"line":174},"8":{"name":"(anonymous_8)","decl":{"start":{"line":198,"column":21},"end":{"line":198,"column":22}},"loc":{"start":{"line":198,"column":54},"end":{"line":205,"column":3}},"line":198},"9":{"name":"(anonymous_9)","decl":{"start":{"line":207,"column":24},"end":{"line":207,"column":25}},"loc":{"start":{"line":207,"column":68},"end":{"line":216,"column":3}},"line":207},"10":{"name":"(anonymous_10)","decl":{"start":{"line":218,"column":24},"end":{"line":218,"column":25}},"loc":{"start":{"line":218,"column":59},"end":{"line":227,"column":3}},"line":218},"11":{"name":"useBarbershops","decl":{"start":{"line":244,"column":16},"end":{"line":244,"column":30}},"loc":{"start":{"line":244,"column":33},"end":{"line":250,"column":1}},"line":244}},"branchMap":{"0":{"loc":{"start":{"line":17,"column":25},"end":{"line":17,"column":54}},"type":"binary-expr","locations":[{"start":{"line":17,"column":25},"end":{"line":17,"column":49}},{"start":{"line":17,"column":53},"end":{"line":17,"column":54}}],"line":17},"1":{"loc":{"start":{"line":20,"column":6},"end":{"line":20,"column":88}},"type":"cond-expr","locations":[{"start":{"line":20,"column":29},"end":{"line":20,"column":81}},{"start":{"line":20,"column":84},"end":{"line":20,"column":88}}],"line":20},"2":{"loc":{"start":{"line":21,"column":31},"end":{"line":21,"column":55}},"type":"binary-expr","locations":[{"start":{"line":21,"column":31},"end":{"line":21,"column":49}},{"start":{"line":21,"column":53},"end":{"line":21,"column":55}}],"line":21},"3":{"loc":{"start":{"line":22,"column":15},"end":{"line":22,"column":33}},"type":"binary-expr","locations":[{"start":{"line":22,"column":15},"end":{"line":22,"column":27}},{"start":{"line":22,"column":31},"end":{"line":22,"column":33}}],"line":22},"4":{"loc":{"start":{"line":38,"column":4},"end":{"line":43,"column":5}},"type":"if","locations":[{"start":{"line":38,"column":4},"end":{"line":43,"column":5}},{"start":{},"end":{}}],"line":38},"5":{"loc":{"start":{"line":44,"column":20},"end":{"line":44,"column":30}},"type":"binary-expr","locations":[{"start":{"line":44,"column":20},"end":{"line":44,"column":24}},{"start":{"line":44,"column":28},"end":{"line":44,"column":30}}],"line":44},"6":{"loc":{"start":{"line":60,"column":26},"end":{"line":60,"column":69}},"type":"binary-expr","locations":[{"start":{"line":60,"column":26},"end":{"line":60,"column":63}},{"start":{"line":60,"column":67},"end":{"line":60,"column":69}}],"line":60},"7":{"loc":{"start":{"line":61,"column":42},"end":{"line":61,"column":85}},"type":"binary-expr","locations":[{"start":{"line":61,"column":42},"end":{"line":61,"column":80}},{"start":{"line":61,"column":84},"end":{"line":61,"column":85}}],"line":61},"8":{"loc":{"start":{"line":67,"column":4},"end":{"line":74,"column":5}},"type":"if","locations":[{"start":{"line":67,"column":4},"end":{"line":74,"column":5}},{"start":{},"end":{}}],"line":67},"9":{"loc":{"start":{"line":77,"column":4},"end":{"line":91,"column":5}},"type":"if","locations":[{"start":{"line":77,"column":4},"end":{"line":91,"column":5}},{"start":{},"end":{}}],"line":77},"10":{"loc":{"start":{"line":84,"column":8},"end":{"line":87,"column":9}},"type":"if","locations":[{"start":{"line":84,"column":8},"end":{"line":87,"column":9}},{"start":{},"end":{}}],"line":84},"11":{"loc":{"start":{"line":97,"column":4},"end":{"line":99,"column":5}},"type":"if","locations":[{"start":{"line":97,"column":4},"end":{"line":99,"column":5}},{"start":{},"end":{}}],"line":97},"12":{"loc":{"start":{"line":120,"column":24},"end":{"line":120,"column":68}},"type":"binary-expr","locations":[{"start":{"line":120,"column":24},"end":{"line":120,"column":62}},{"start":{"line":120,"column":66},"end":{"line":120,"column":68}}],"line":120},"13":{"loc":{"start":{"line":121,"column":40},"end":{"line":121,"column":84}},"type":"binary-expr","locations":[{"start":{"line":121,"column":40},"end":{"line":121,"column":79}},{"start":{"line":121,"column":83},"end":{"line":121,"column":84}}],"line":121},"14":{"loc":{"start":{"line":127,"column":4},"end":{"line":154,"column":5}},"type":"if","locations":[{"start":{"line":127,"column":4},"end":{"line":154,"column":5}},{"start":{},"end":{}}],"line":127},"15":{"loc":{"start":{"line":127,"column":8},"end":{"line":127,"column":72}},"type":"binary-expr","locations":[{"start":{"line":127,"column":8},"end":{"line":127,"column":28}},{"start":{"line":127,"column":32},"end":{"line":127,"column":72}}],"line":127},"16":{"loc":{"start":{"line":134,"column":6},"end":{"line":140,"column":7}},"type":"if","locations":[{"start":{"line":134,"column":6},"end":{"line":140,"column":7}},{"start":{},"end":{}}],"line":134},"17":{"loc":{"start":{"line":142,"column":26},"end":{"line":142,"column":59}},"type":"binary-expr","locations":[{"start":{"line":142,"column":26},"end":{"line":142,"column":51}},{"start":{"line":142,"column":55},"end":{"line":142,"column":59}}],"line":142},"18":{"loc":{"start":{"line":161,"column":4},"end":{"line":171,"column":5}},"type":"if","locations":[{"start":{"line":161,"column":4},"end":{"line":171,"column":5}},{"start":{},"end":{}}],"line":161},"19":{"loc":{"start":{"line":162,"column":6},"end":{"line":164,"column":7}},"type":"if","locations":[{"start":{"line":162,"column":6},"end":{"line":164,"column":7}},{"start":{},"end":{}}],"line":162},"20":{"loc":{"start":{"line":173,"column":4},"end":{"line":177,"column":5}},"type":"if","locations":[{"start":{"line":173,"column":4},"end":{"line":177,"column":5}},{"start":{},"end":{}}],"line":173},"21":{"loc":{"start":{"line":173,"column":8},"end":{"line":173,"column":46}},"type":"binary-expr","locations":[{"start":{"line":173,"column":8},"end":{"line":173,"column":25}},{"start":{"line":173,"column":29},"end":{"line":173,"column":46}}],"line":173},"22":{"loc":{"start":{"line":185,"column":4},"end":{"line":187,"column":5}},"type":"if","locations":[{"start":{"line":185,"column":4},"end":{"line":187,"column":5}},{"start":{},"end":{}}],"line":185},"23":{"loc":{"start":{"line":202,"column":4},"end":{"line":202,"column":65}},"type":"if","locations":[{"start":{"line":202,"column":4},"end":{"line":202,"column":65}},{"start":{},"end":{}}],"line":202},"24":{"loc":{"start":{"line":213,"column":4},"end":{"line":213,"column":65}},"type":"if","locations":[{"start":{"line":213,"column":4},"end":{"line":213,"column":65}},{"start":{},"end":{}}],"line":213},"25":{"loc":{"start":{"line":224,"column":4},"end":{"line":224,"column":65}},"type":"if","locations":[{"start":{"line":224,"column":4},"end":{"line":224,"column":65}},{"start":{},"end":{}}],"line":224},"26":{"loc":{"start":{"line":246,"column":2},"end":{"line":248,"column":3}},"type":"if","locations":[{"start":{"line":246,"column":2},"end":{"line":248,"column":3}},{"start":{},"end":{}}],"line":246}},"s":{"0":0,"1":0,"2":0,"3":0,"4":0,"5":0,"6":0,"7":0,"8":0,"9":0,"10":0,"11":0,"12":0,"13":0,"14":0,"15":0,"16":0,"17":0,"18":0,"19":0,"20":0,"21":0,"22":0,"23":0,"24":0,"25":0,"26":0,"27":0,"28":0,"29":0,"30":0,"31":0,"32":0,"33":0,"34":0,"35":0,"36":0,"37":0,"38":0,"39":0,"40":0,"41":0,"42":0,"43":0,"44":0,"45":0,"46":0,"47":0,"48":0,"49":0,"50":0,"51":0,"52":0,"53":0,"54":0,"55":0,"56":0,"57":0,"58":0,"59":0,"60":0,"61":0,"62":0,"63":0,"64":0,"65":0,"66":0,"67":0,"68":0,"69":0,"70":0,"71":0,"72":0,"73":0,"74":0,"75":0,"76":0,"77":0,"78":0,"79":0,"80":0,"81":0,"82":0,"83":0,"84":0,"85":0,"86":0,"87":0,"88":0,"89":0},"f":{"0":0,"1":0,"2":0,"3":0,"4":0,"5":0,"6":0,"7":0,"8":0,"9":0,"10":0,"11":0},"b":{"0":[0,0],"1":[0,0],"2":[0,0],"3":[0,0],"4":[0,0],"5":[0,0],"6":[0,0],"7":[0,0],"8":[0,0],"9":[0,0],"10":[0,0],"11":[0,0],"12":[0,0],"13":[0,0],"14":[0,0],"15":[0,0],"16":[0,0],"17":[0,0],"18":[0,0],"19":[0,0],"20":[0,0],"21":[0,0],"22":[0,0],"23":[0,0],"24":[0,0],"25":[0,0],"26":[0,0]}}
,"/Users/gabrielfernandes/Documents/repositorios/barber-click/src/hooks/usePullToRefresh.js": {"path":"/Users/gabrielfernandes/Documents/repositorios/barber-click/src/hooks/usePullToRefresh.js","statementMap":{"0":{"start":{"line":5,"column":38},"end":{"line":5,"column":53}},"1":{"start":{"line":6,"column":21},"end":{"line":6,"column":36}},"2":{"start":{"line":7,"column":2},"end":{"line":7,"column":31}},"3":{"start":{"line":9,"column":20},"end":{"line":16,"column":8}},"4":{"start":{"line":10,"column":4},"end":{"line":10,"column":24}},"5":{"start":{"line":11,"column":4},"end":{"line":15,"column":5}},"6":{"start":{"line":12,"column":6},"end":{"line":12,"column":33}},"7":{"start":{"line":14,"column":6},"end":{"line":14,"column":27}},"8":{"start":{"line":18,"column":2},"end":{"line":22,"column":4}},"9":{"start":{"line":20,"column":6},"end":{"line":20,"column":27}},"10":{"start":{"line":24,"column":2},"end":{"line":24,"column":35}}},"fnMap":{"0":{"name":"usePullToRefresh","decl":{"start":{"line":4,"column":16},"end":{"line":4,"column":32}},"loc":{"start":{"line":4,"column":42},"end":{"line":25,"column":1}},"line":4},"1":{"name":"(anonymous_1)","decl":{"start":{"line":9,"column":32},"end":{"line":9,"column":33}},"loc":{"start":{"line":9,"column":44},"end":{"line":16,"column":3}},"line":9},"2":{"name":"(anonymous_2)","decl":{"start":{"line":19,"column":16},"end":{"line":19,"column":17}},"loc":{"start":{"line":19,"column":22},"end":{"line":21,"column":5}},"line":19}},"branchMap":{},"s":{"0":0,"1":0,"2":0,"3":0,"4":0,"5":0,"6":0,"7":0,"8":0,"9":0,"10":0},"f":{"0":0,"1":0,"2":0},"b":{}}
,"/Users/gabrielfernandes/Documents/repositorios/barber-click/src/lib/secureStorage.js": {"path":"/Users/gabrielfernandes/Documents/repositorios/barber-click/src/lib/secureStorage.js","statementMap":{"0":{"start":{"line":3,"column":34},"end":{"line":3,"column":66}},"1":{"start":{"line":5,"column":29},"end":{"line":12,"column":1}},"2":{"start":{"line":6,"column":20},"end":{"line":6,"column":49}},"3":{"start":{"line":8,"column":4},"end":{"line":10,"column":6}},"4":{"start":{"line":11,"column":23},"end":{"line":11,"column":55}},"5":{"start":{"line":14,"column":34},"end":{"line":14,"column":84}},"6":{"start":{"line":14,"column":40},"end":{"line":14,"column":84}},"7":{"start":{"line":16,"column":34},"end":{"line":19,"column":4}},"8":{"start":{"line":17,"column":2},"end":{"line":19,"column":4}},"9":{"start":{"line":21,"column":36},"end":{"line":21,"column":89}},"10":{"start":{"line":21,"column":42},"end":{"line":21,"column":89}}},"fnMap":{"0":{"name":"(anonymous_0)","decl":{"start":{"line":6,"column":11},"end":{"line":6,"column":12}},"loc":{"start":{"line":6,"column":20},"end":{"line":6,"column":49}},"line":6},"1":{"name":"(anonymous_1)","decl":{"start":{"line":7,"column":11},"end":{"line":7,"column":12}},"loc":{"start":{"line":8,"column":4},"end":{"line":10,"column":6}},"line":8},"2":{"name":"(anonymous_2)","decl":{"start":{"line":11,"column":14},"end":{"line":11,"column":15}},"loc":{"start":{"line":11,"column":23},"end":{"line":11,"column":55}},"line":11},"3":{"name":"(anonymous_3)","decl":{"start":{"line":14,"column":34},"end":{"line":14,"column":35}},"loc":{"start":{"line":14,"column":40},"end":{"line":14,"column":84}},"line":14},"4":{"name":"(anonymous_4)","decl":{"start":{"line":16,"column":34},"end":{"line":16,"column":35}},"loc":{"start":{"line":17,"column":2},"end":{"line":19,"column":4}},"line":17},"5":{"name":"(anonymous_5)","decl":{"start":{"line":21,"column":36},"end":{"line":21,"column":37}},"loc":{"start":{"line":21,"column":42},"end":{"line":21,"column":89}},"line":21}},"branchMap":{},"s":{"0":0,"1":0,"2":0,"3":0,"4":0,"5":0,"6":0,"7":0,"8":0,"9":0,"10":0},"f":{"0":0,"1":0,"2":0,"3":0,"4":0,"5":0},"b":{}}
,"/Users/gabrielfernandes/Documents/repositorios/barber-click/src/lib/storage.js": {"path":"/Users/gabrielfernandes/Documents/repositorios/barber-click/src/lib/storage.js","statementMap":{"0":{"start":{"line":6,"column":17},"end":{"line":8,"column":4}},"1":{"start":{"line":9,"column":20},"end":{"line":11,"column":79}},"2":{"start":{"line":12,"column":2},"end":{"line":12,"column":25}},"3":{"start":{"line":12,"column":13},"end":{"line":12,"column":25}},"4":{"start":{"line":13,"column":2},"end":{"line":13,"column":18}},"5":{"start":{"line":17,"column":2},"end":{"line":17,"column":25}},"6":{"start":{"line":17,"column":13},"end":{"line":17,"column":25}},"7":{"start":{"line":18,"column":2},"end":{"line":18,"column":73}},"8":{"start":{"line":22,"column":2},"end":{"line":22,"column":78}},"9":{"start":{"line":26,"column":2},"end":{"line":26,"column":68}},"10":{"start":{"line":30,"column":2},"end":{"line":30,"column":20}},"11":{"start":{"line":30,"column":13},"end":{"line":30,"column":20}},"12":{"start":{"line":31,"column":20},"end":{"line":31,"column":70}},"13":{"start":{"line":32,"column":2},"end":{"line":32,"column":25}},"14":{"start":{"line":32,"column":13},"end":{"line":32,"column":25}}},"fnMap":{"0":{"name":"uploadImage","decl":{"start":{"line":5,"column":15},"end":{"line":5,"column":26}},"loc":{"start":{"line":5,"column":46},"end":{"line":14,"column":1}},"line":5},"1":{"name":"publicUrl","decl":{"start":{"line":16,"column":16},"end":{"line":16,"column":25}},"loc":{"start":{"line":16,"column":40},"end":{"line":19,"column":1}},"line":16},"2":{"name":"uploadBarbershopImage","decl":{"start":{"line":21,"column":22},"end":{"line":21,"column":43}},"loc":{"start":{"line":21,"column":63},"end":{"line":23,"column":1}},"line":21},"3":{"name":"uploadAvatar","decl":{"start":{"line":25,"column":22},"end":{"line":25,"column":34}},"loc":{"start":{"line":25,"column":48},"end":{"line":27,"column":1}},"line":25},"4":{"name":"removeStoredImage","decl":{"start":{"line":29,"column":22},"end":{"line":29,"column":39}},"loc":{"start":{"line":29,"column":54},"end":{"line":33,"column":1}},"line":29}},"branchMap":{"0":{"loc":{"start":{"line":12,"column":2},"end":{"line":12,"column":25}},"type":"if","locations":[{"start":{"line":12,"column":2},"end":{"line":12,"column":25}},{"start":{},"end":{}}],"line":12},"1":{"loc":{"start":{"line":17,"column":2},"end":{"line":17,"column":25}},"type":"if","locations":[{"start":{"line":17,"column":2},"end":{"line":17,"column":25}},{"start":{},"end":{}}],"line":17},"2":{"loc":{"start":{"line":30,"column":2},"end":{"line":30,"column":20}},"type":"if","locations":[{"start":{"line":30,"column":2},"end":{"line":30,"column":20}},{"start":{},"end":{}}],"line":30},"3":{"loc":{"start":{"line":32,"column":2},"end":{"line":32,"column":25}},"type":"if","locations":[{"start":{"line":32,"column":2},"end":{"line":32,"column":25}},{"start":{},"end":{}}],"line":32}},"s":{"0":0,"1":0,"2":0,"3":0,"4":0,"5":0,"6":0,"7":0,"8":0,"9":0,"10":0,"11":0,"12":0,"13":0,"14":0},"f":{"0":0,"1":0,"2":0,"3":0,"4":0},"b":{"0":[0,0],"1":[0,0],"2":[0,0],"3":[0,0]}}
,"/Users/gabrielfernandes/Documents/repositorios/barber-click/src/lib/supabase.js": {"path":"/Users/gabrielfernandes/Documents/repositorios/barber-click/src/lib/supabase.js","statementMap":{"0":{"start":{"line":5,"column":20},"end":{"line":5,"column":56}},"1":{"start":{"line":6,"column":24},"end":{"line":6,"column":65}},"2":{"start":{"line":8,"column":24},"end":{"line":15,"column":2}}},"fnMap":{},"branchMap":{},"s":{"0":0,"1":0,"2":0},"f":{},"b":{}}
,"/Users/gabrielfernandes/Documents/repositorios/barber-click/src/utils/datas.js": {"path":"/Users/gabrielfernandes/Documents/repositorios/barber-click/src/utils/datas.js","statementMap":{"0":{"start":{"line":1,"column":34},"end":{"line":4,"column":3}},"1":{"start":{"line":2,"column":27},"end":{"line":2,"column":57}},"2":{"start":{"line":3,"column":4},"end":{"line":3,"column":30}},"3":{"start":{"line":6,"column":34},"end":{"line":10,"column":3}},"4":{"start":{"line":7,"column":17},"end":{"line":7,"column":66}},"5":{"start":{"line":8,"column":19},"end":{"line":8,"column":56}},"6":{"start":{"line":9,"column":4},"end":{"line":9,"column":31}},"7":{"start":{"line":12,"column":31},"end":{"line":17,"column":1}},"8":{"start":{"line":13,"column":14},"end":{"line":13,"column":32}},"9":{"start":{"line":14,"column":14},"end":{"line":14,"column":58}},"10":{"start":{"line":15,"column":14},"end":{"line":15,"column":53}},"11":{"start":{"line":16,"column":2},"end":{"line":16,"column":32}},"12":{"start":{"line":19,"column":30},"end":{"line":22,"column":1}},"13":{"start":{"line":20,"column":26},"end":{"line":20,"column":44}},"14":{"start":{"line":21,"column":2},"end":{"line":21,"column":32}},"15":{"start":{"line":24,"column":28},"end":{"line":39,"column":1}},"16":{"start":{"line":25,"column":26},"end":{"line":25,"column":56}},"17":{"start":{"line":26,"column":15},"end":{"line":26,"column":42}},"18":{"start":{"line":28,"column":15},"end":{"line":36,"column":3}},"19":{"start":{"line":38,"column":2},"end":{"line":38,"column":29}},"20":{"start":{"line":41,"column":33},"end":{"line":55,"column":1}},"21":{"start":{"line":42,"column":15},"end":{"line":42,"column":36}},"22":{"start":{"line":44,"column":15},"end":{"line":52,"column":3}},"23":{"start":{"line":54,"column":2},"end":{"line":54,"column":28}},"24":{"start":{"line":57,"column":33},"end":{"line":62,"column":1}},"25":{"start":{"line":58,"column":2},"end":{"line":58,"column":26}},"26":{"start":{"line":58,"column":16},"end":{"line":58,"column":26}},"27":{"start":{"line":60,"column":23},"end":{"line":60,"column":41}},"28":{"start":{"line":61,"column":2},"end":{"line":61,"column":25}},"29":{"start":{"line":64,"column":22},"end":{"line":68,"column":1}},"30":{"start":{"line":65,"column":15},"end":{"line":65,"column":25}},"31":{"start":{"line":66,"column":18},"end":{"line":66,"column":39}},"32":{"start":{"line":67,"column":2},"end":{"line":67,"column":29}},"33":{"start":{"line":70,"column":37},"end":{"line":77,"column":1}},"34":{"start":{"line":71,"column":2},"end":{"line":71,"column":41}},"35":{"start":{"line":71,"column":28},"end":{"line":71,"column":41}},"36":{"start":{"line":73,"column":26},"end":{"line":73,"column":68}},"37":{"start":{"line":74,"column":2},"end":{"line":74,"column":60}},"38":{"start":{"line":74,"column":47},"end":{"line":74,"column":60}},"39":{"start":{"line":76,"column":2},"end":{"line":76,"column":74}}},"fnMap":{"0":{"name":"(anonymous_0)","decl":{"start":{"line":1,"column":34},"end":{"line":1,"column":35}},"loc":{"start":{"line":1,"column":47},"end":{"line":4,"column":3}},"line":1},"1":{"name":"(anonymous_1)","decl":{"start":{"line":6,"column":34},"end":{"line":6,"column":35}},"loc":{"start":{"line":6,"column":47},"end":{"line":10,"column":3}},"line":6},"2":{"name":"(anonymous_2)","decl":{"start":{"line":12,"column":31},"end":{"line":12,"column":32}},"loc":{"start":{"line":12,"column":41},"end":{"line":17,"column":1}},"line":12},"3":{"name":"(anonymous_3)","decl":{"start":{"line":19,"column":30},"end":{"line":19,"column":31}},"loc":{"start":{"line":19,"column":43},"end":{"line":22,"column":1}},"line":19},"4":{"name":"(anonymous_4)","decl":{"start":{"line":24,"column":28},"end":{"line":24,"column":29}},"loc":{"start":{"line":24,"column":41},"end":{"line":39,"column":1}},"line":24},"5":{"name":"(anonymous_5)","decl":{"start":{"line":41,"column":33},"end":{"line":41,"column":34}},"loc":{"start":{"line":41,"column":46},"end":{"line":55,"column":1}},"line":41},"6":{"name":"(anonymous_6)","decl":{"start":{"line":57,"column":33},"end":{"line":57,"column":34}},"loc":{"start":{"line":57,"column":46},"end":{"line":62,"column":1}},"line":57},"7":{"name":"(anonymous_7)","decl":{"start":{"line":64,"column":22},"end":{"line":64,"column":23}},"loc":{"start":{"line":64,"column":35},"end":{"line":68,"column":1}},"line":64},"8":{"name":"(anonymous_8)","decl":{"start":{"line":70,"column":37},"end":{"line":70,"column":38}},"loc":{"start":{"line":70,"column":70},"end":{"line":77,"column":1}},"line":70}},"branchMap":{"0":{"loc":{"start":{"line":54,"column":9},"end":{"line":54,"column":27}},"type":"binary-expr","locations":[{"start":{"line":54,"column":9},"end":{"line":54,"column":19}},{"start":{"line":54,"column":23},"end":{"line":54,"column":27}}],"line":54},"1":{"loc":{"start":{"line":58,"column":2},"end":{"line":58,"column":26}},"type":"if","locations":[{"start":{"line":58,"column":2},"end":{"line":58,"column":26}},{"start":{},"end":{}}],"line":58},"2":{"loc":{"start":{"line":70,"column":56},"end":{"line":70,"column":65}},"type":"default-arg","locations":[{"start":{"line":70,"column":64},"end":{"line":70,"column":65}}],"line":70},"3":{"loc":{"start":{"line":71,"column":2},"end":{"line":71,"column":41}},"type":"if","locations":[{"start":{"line":71,"column":2},"end":{"line":71,"column":41}},{"start":{},"end":{}}],"line":71},"4":{"loc":{"start":{"line":71,"column":6},"end":{"line":71,"column":26}},"type":"binary-expr","locations":[{"start":{"line":71,"column":6},"end":{"line":71,"column":14}},{"start":{"line":71,"column":18},"end":{"line":71,"column":26}}],"line":71},"5":{"loc":{"start":{"line":74,"column":2},"end":{"line":74,"column":60}},"type":"if","locations":[{"start":{"line":74,"column":2},"end":{"line":74,"column":60}},{"start":{},"end":{}}],"line":74}},"s":{"0":1,"1":3,"2":3,"3":1,"4":3,"5":3,"6":3,"7":1,"8":5,"9":5,"10":5,"11":5,"12":1,"13":2,"14":2,"15":1,"16":5,"17":5,"18":5,"19":5,"20":1,"21":2,"22":2,"23":2,"24":1,"25":2,"26":1,"27":1,"28":1,"29":1,"30":2,"31":2,"32":2,"33":1,"34":7,"35":2,"36":5,"37":5,"38":1,"39":4},"f":{"0":3,"1":3,"2":5,"3":2,"4":5,"5":2,"6":2,"7":2,"8":7},"b":{"0":[2,0],"1":[1,1],"2":[6],"3":[2,5],"4":[7,6],"5":[1,4]},"_coverageSchema":"1a1c01bbd47fc00a2c39e90264f33305004495a9","hash":"b83d58757bb3d6e12f1e6c700994b58423f0dc85"}
,"/Users/gabrielfernandes/Documents/repositorios/barber-click/src/utils/horarios.js": {"path":"/Users/gabrielfernandes/Documents/repositorios/barber-click/src/utils/horarios.js","statementMap":{"0":{"start":{"line":1,"column":20},"end":{"line":1,"column":90}},"1":{"start":{"line":2,"column":18},"end":{"line":2,"column":88}},"2":{"start":{"line":5,"column":2},"end":{"line":5,"column":34}},"3":{"start":{"line":9,"column":2},"end":{"line":9,"column":30}},"4":{"start":{"line":13,"column":2},"end":{"line":19,"column":6}},"5":{"start":{"line":13,"column":30},"end":{"line":19,"column":3}},"6":{"start":{"line":23,"column":17},"end":{"line":23,"column":19}},"7":{"start":{"line":24,"column":2},"end":{"line":26,"column":3}},"8":{"start":{"line":25,"column":4},"end":{"line":25,"column":46}},"9":{"start":{"line":27,"column":2},"end":{"line":35,"column":5}},"10":{"start":{"line":28,"column":16},"end":{"line":28,"column":27}},"11":{"start":{"line":29,"column":4},"end":{"line":34,"column":6}}},"fnMap":{"0":{"name":"diaParaWeekday","decl":{"start":{"line":4,"column":16},"end":{"line":4,"column":30}},"loc":{"start":{"line":4,"column":36},"end":{"line":6,"column":1}},"line":4},"1":{"name":"weekdayParaDia","decl":{"start":{"line":8,"column":16},"end":{"line":8,"column":30}},"loc":{"start":{"line":8,"column":40},"end":{"line":10,"column":1}},"line":8},"2":{"name":"horariosParaRows","decl":{"start":{"line":12,"column":16},"end":{"line":12,"column":32}},"loc":{"start":{"line":12,"column":57},"end":{"line":20,"column":1}},"line":12},"3":{"name":"(anonymous_3)","decl":{"start":{"line":13,"column":22},"end":{"line":13,"column":23}},"loc":{"start":{"line":13,"column":30},"end":{"line":19,"column":3}},"line":13},"4":{"name":"rowsParaHorarios","decl":{"start":{"line":22,"column":16},"end":{"line":22,"column":32}},"loc":{"start":{"line":22,"column":39},"end":{"line":36,"column":1}},"line":22},"5":{"name":"(anonymous_5)","decl":{"start":{"line":27,"column":23},"end":{"line":27,"column":24}},"loc":{"start":{"line":27,"column":32},"end":{"line":35,"column":3}},"line":27}},"branchMap":{"0":{"loc":{"start":{"line":17,"column":15},"end":{"line":17,"column":43}},"type":"cond-expr","locations":[{"start":{"line":17,"column":26},"end":{"line":17,"column":36}},{"start":{"line":17,"column":39},"end":{"line":17,"column":43}}],"line":17},"1":{"loc":{"start":{"line":18,"column":16},"end":{"line":18,"column":46}},"type":"cond-expr","locations":[{"start":{"line":18,"column":27},"end":{"line":18,"column":39}},{"start":{"line":18,"column":42},"end":{"line":18,"column":46}}],"line":18},"2":{"loc":{"start":{"line":31,"column":14},"end":{"line":31,"column":39}},"type":"cond-expr","locations":[{"start":{"line":31,"column":20},"end":{"line":31,"column":31}},{"start":{"line":31,"column":34},"end":{"line":31,"column":39}}],"line":31},"3":{"loc":{"start":{"line":32,"column":16},"end":{"line":32,"column":68}},"type":"cond-expr","locations":[{"start":{"line":32,"column":33},"end":{"line":32,"column":58}},{"start":{"line":32,"column":61},"end":{"line":32,"column":68}}],"line":32},"4":{"loc":{"start":{"line":33,"column":18},"end":{"line":33,"column":72}},"type":"cond-expr","locations":[{"start":{"line":33,"column":36},"end":{"line":33,"column":62}},{"start":{"line":33,"column":65},"end":{"line":33,"column":72}}],"line":33}},"s":{"0":1,"1":1,"2":6,"3":6,"4":3,"5":3,"6":5,"7":5,"8":3,"9":5,"10":35,"11":35},"f":{"0":6,"1":6,"2":3,"3":3,"4":5,"5":35},"b":{"0":[2,1],"1":[2,1],"2":[3,32],"3":[2,33],"4":[2,33]},"_coverageSchema":"1a1c01bbd47fc00a2c39e90264f33305004495a9","hash":"1093f9636021dc4275390bbcd4acbc32955ad616"}
}
