TN:
SF:src/components/BarbershopCard.js
FN:5,BarbershopCard
FNF:1
FNH:0
FNDA:0,BarbershopCard
DA:6,0
DA:7,0
DA:9,0
DA:45,0
LF:4
LH:0
BRDA:6,0,0,0
BRDA:6,0,1,0
BRDA:7,1,0,0
BRDA:7,1,1,0
BRDA:16,2,0,0
BRDA:16,2,1,0
BRDA:30,3,0,0
BRDA:30,3,1,0
BRDA:32,4,0,0
BRDA:32,4,1,0
BRF:10
BRH:0
end_of_record
TN:
SF:src/components/CameraModal.js
FN:8,CameraModal
FN:16,(anonymous_1)
FN:37,(anonymous_2)
FN:44,(anonymous_3)
FN:49,(anonymous_4)
FN:81,(anonymous_5)
FN:110,(anonymous_6)
FN:110,(anonymous_7)
FNF:8
FNH:0
FNDA:0,CameraModal
FNDA:0,(anonymous_1)
FNDA:0,(anonymous_2)
FNDA:0,(anonymous_3)
FNDA:0,(anonymous_4)
FNDA:0,(anonymous_5)
FNDA:0,(anonymous_6)
FNDA:0,(anonymous_7)
DA:9,0
DA:10,0
DA:11,0
DA:12,0
DA:14,0
DA:16,0
DA:17,0
DA:18,0
DA:19,0
DA:20,0
DA:21,0
DA:25,0
DA:32,0
DA:33,0
DA:37,0
DA:38,0
DA:39,0
DA:40,0
DA:44,0
DA:45,0
DA:46,0
DA:49,0
DA:50,0
DA:51,0
DA:54,0
DA:55,0
DA:74,0
DA:81,0
DA:110,0
DA:122,0
LF:30
LH:0
BRDA:17,0,0,0
BRDA:17,0,1,0
BRDA:19,1,0,0
BRDA:19,1,1,0
BRDA:32,2,0,0
BRDA:32,2,1,0
BRDA:38,3,0,0
BRDA:38,3,1,0
BRDA:54,4,0,0
BRDA:54,4,1,0
BRDA:77,5,0,0
BRDA:77,5,1,0
BRDA:110,6,0,0
BRDA:110,6,1,0
BRF:14
BRH:0
end_of_record
TN:
SF:src/components/ProductModal.js
FN:4,ProductModal
FN:9,(anonymous_1)
FN:16,(anonymous_2)
FNF:3
FNH:0
FNDA:0,ProductModal
FNDA:0,(anonymous_1)
FNDA:0,(anonymous_2)
DA:5,0
DA:6,0
DA:7,0
DA:9,0
DA:10,0
DA:11,0
DA:12,0
DA:16,0
DA:17,0
DA:18,0
DA:19,0
DA:20,0
DA:22,0
DA:23,0
DA:24,0
DA:25,0
DA:27,0
DA:28,0
DA:29,0
DA:31,0
DA:35,0
DA:88,0
LF:22
LH:0
BRDA:10,0,0,0
BRDA:10,0,1,0
BRDA:11,1,0,0
BRDA:11,1,1,0
BRDA:12,2,0,0
BRDA:12,2,1,0
BRDA:17,3,0,0
BRDA:17,3,1,0
BRDA:18,4,0,0
BRDA:18,4,1,0
BRDA:23,5,0,0
BRDA:23,5,1,0
BRDA:23,6,0,0
BRDA:23,6,1,0
BRDA:39,7,0,0
BRDA:39,7,1,0
BRDA:63,8,0,0
BRDA:63,8,1,0
BRDA:69,9,0,0
BRDA:69,9,1,0
BRDA:73,10,0,0
BRDA:73,10,1,0
BRF:22
BRH:0
end_of_record
TN:
SF:src/components/ui/AddPhotoButton.js
FN:7,AddPhotoButton
FNF:1
FNH:0
FNDA:0,AddPhotoButton
DA:8,0
DA:23,0
LF:2
LH:0
BRF:0
BRH:0
end_of_record
TN:
SF:src/constants/images.js
FNF:0
FNH:0
DA:1,0
LF:1
LH:0
BRF:0
BRH:0
end_of_record
TN:
SF:src/context/AppointmentContext.js
FN:7,mapAppointment
FN:65,AppointmentProvider
FN:71,(anonymous_2)
FN:92,(anonymous_3)
FN:96,(anonymous_4)
FN:114,(anonymous_5)
FN:129,(anonymous_6)
FN:143,(anonymous_7)
FN:164,useAppointments
FNF:9
FNH:9
FNDA:2,mapAppointment
FNDA:36,AppointmentProvider
FNDA:19,(anonymous_2)
FNDA:15,(anonymous_3)
FNDA:3,(anonymous_4)
FNDA:3,(anonymous_5)
FNDA:3,(anonymous_6)
FNDA:2,(anonymous_7)
FNDA:38,useAppointments
DA:5,1
DA:8,2
DA:24,1
DA:37,1
DA:50,1
DA:66,36
DA:67,36
DA:68,36
DA:69,36
DA:71,36
DA:72,19
DA:73,19
DA:74,19
DA:75,1
DA:76,1
DA:77,1
DA:79,18
DA:82,18
DA:83,1
DA:84,1
DA:85,1
DA:86,1
DA:88,17
DA:89,17
DA:92,36
DA:93,15
DA:96,36
DA:97,3
DA:103,3
DA:104,2
DA:105,2
DA:110,1
DA:111,1
DA:114,36
DA:115,3
DA:119,3
DA:120,2
DA:125,1
DA:126,1
DA:129,36
DA:130,3
DA:133,3
DA:134,2
DA:139,1
DA:140,1
DA:143,36
DA:144,2
DA:145,2
DA:146,1
DA:147,1
DA:150,36
DA:161,36
DA:165,38
DA:166,38
DA:167,2
DA:169,36
LF:56
LH:56
BRDA:11,0,0,2
BRDA:11,0,1,1
BRDA:13,1,0,2
BRDA:13,1,1,1
BRDA:16,2,0,1
BRDA:16,2,1,1
BRDA:74,3,0,1
BRDA:74,3,1,18
BRDA:82,4,0,1
BRDA:82,4,1,17
BRDA:88,5,0,17
BRDA:88,5,1,0
BRDA:103,6,0,2
BRDA:103,6,1,1
BRDA:107,7,0,2
BRDA:107,7,1,1
BRDA:119,8,0,2
BRDA:119,8,1,1
BRDA:122,9,0,2
BRDA:122,9,1,1
BRDA:133,10,0,2
BRDA:133,10,1,1
BRDA:136,11,0,2
BRDA:136,11,1,1
BRDA:145,12,0,1
BRDA:145,12,1,1
BRDA:166,13,0,2
BRDA:166,13,1,36
BRF:28
BRH:27
end_of_record
TN:
SF:src/context/AuthContext.js
FN:16,(anonymous_0)
FN:20,(anonymous_1)
FN:29,AuthProvider
FN:37,(anonymous_3)
FN:55,(anonymous_4)
FN:59,(anonymous_5)
FN:63,(anonymous_6)
FN:94,(anonymous_7)
FN:107,(anonymous_8)
FN:116,(anonymous_9)
FN:122,(anonymous_10)
FN:136,(anonymous_11)
FN:152,(anonymous_12)
FN:164,(anonymous_13)
FN:196,(anonymous_14)
FN:213,(anonymous_15)
FN:216,(anonymous_16)
FN:234,(anonymous_17)
FN:240,(anonymous_18)
FN:267,(anonymous_19)
FNF:20
FNH:19
FNDA:31,(anonymous_0)
FNDA:7,(anonymous_1)
FNDA:75,AuthProvider
FNDA:11,(anonymous_3)
FNDA:34,(anonymous_4)
FNDA:30,(anonymous_5)
FNDA:30,(anonymous_6)
FNDA:3,(anonymous_7)
FNDA:1,(anonymous_8)
FNDA:30,(anonymous_9)
FNDA:2,(anonymous_10)
FNDA:14,(anonymous_11)
FNDA:1,(anonymous_12)
FNDA:5,(anonymous_13)
FNDA:3,(anonymous_14)
FNDA:5,(anonymous_15)
FNDA:1,(anonymous_16)
FNDA:2,(anonymous_17)
FNDA:0,(anonymous_18)
FNDA:75,(anonymous_19)
DA:12,1
DA:14,1
DA:16,1
DA:17,31
DA:20,1
DA:21,7
DA:22,6
DA:23,4
DA:24,3
DA:25,2
DA:26,1
DA:30,75
DA:31,75
DA:32,75
DA:33,75
DA:34,75
DA:35,75
DA:37,75
DA:38,11
DA:44,11
DA:52,11
DA:55,75
DA:56,34
DA:59,75
DA:61,30
DA:63,30
DA:64,30
DA:65,30
DA:67,30
DA:71,29
DA:73,29
DA:75,29
DA:76,3
DA:77,3
DA:78,3
DA:79,3
DA:80,26
DA:81,1
DA:82,1
DA:83,1
DA:85,25
DA:86,25
DA:87,25
DA:90,1
DA:91,1
DA:94,30
DA:95,3
DA:97,2
DA:98,1
DA:99,1
DA:100,1
DA:101,1
DA:102,1
DA:105,1
DA:107,1
DA:108,1
DA:111,30
DA:114,30
DA:116,30
DA:117,30
DA:118,30
DA:122,75
DA:123,2
DA:128,2
DA:129,1
DA:130,1
DA:132,1
DA:133,1
DA:136,75
DA:137,14
DA:138,14
DA:139,6
DA:140,6
DA:143,8
DA:144,8
DA:145,1
DA:146,1
DA:148,8
DA:149,8
DA:152,75
DA:153,1
DA:157,1
DA:158,1
DA:159,1
DA:160,1
DA:161,1
DA:164,75
DA:165,5
DA:166,5
DA:167,1
DA:170,4
DA:171,4
DA:175,3
DA:176,1
DA:179,2
DA:183,2
DA:184,1
DA:187,1
DA:188,1
DA:189,1
DA:191,1
DA:192,1
DA:196,75
DA:197,3
DA:199,2
DA:204,2
DA:206,1
DA:207,1
DA:208,1
DA:209,1
DA:210,1
DA:213,75
DA:214,5
DA:216,4
DA:217,1
DA:218,1
DA:220,4
DA:221,1
DA:224,3
DA:228,3
DA:229,1
DA:230,1
DA:233,2
DA:234,2
DA:239,2
DA:240,1
DA:241,0
DA:244,2
DA:247,75
DA:267,75
LF:130
LH:129
BRDA:21,0,0,1
BRDA:21,0,1,6
BRDA:22,1,0,2
BRDA:22,1,1,4
BRDA:23,2,0,1
BRDA:23,2,1,3
BRDA:24,3,0,1
BRDA:24,3,1,2
BRDA:25,4,0,1
BRDA:25,4,1,1
BRDA:47,5,0,11
BRDA:47,5,1,0
BRDA:48,6,0,11
BRDA:48,6,1,0
BRDA:50,7,0,11
BRDA:50,7,1,10
BRDA:73,8,0,0
BRDA:73,8,1,29
BRDA:75,9,0,3
BRDA:75,9,1,26
BRDA:75,10,0,29
BRDA:75,10,1,4
BRDA:80,11,0,1
BRDA:80,11,1,25
BRDA:81,12,0,0
BRDA:81,12,1,1
BRDA:85,13,0,0
BRDA:85,13,1,25
BRDA:95,14,0,1
BRDA:95,14,1,2
BRDA:95,15,0,3
BRDA:95,15,1,3
BRDA:97,16,0,1
BRDA:97,16,1,1
BRDA:105,17,0,0
BRDA:105,17,1,1
BRDA:108,18,0,1
BRDA:108,18,1,0
BRDA:128,19,0,1
BRDA:128,19,1,1
BRDA:138,20,0,6
BRDA:138,20,1,8
BRDA:144,21,0,1
BRDA:144,21,1,7
BRDA:144,22,0,8
BRDA:144,22,1,1
BRDA:165,23,0,5
BRDA:165,23,1,1
BRDA:166,24,0,1
BRDA:166,24,1,4
BRDA:175,25,0,1
BRDA:175,25,1,2
BRDA:175,26,0,3
BRDA:175,26,1,2
BRDA:183,27,0,1
BRDA:183,27,1,1
BRDA:197,28,0,1
BRDA:197,28,1,2
BRDA:204,29,0,1
BRDA:204,29,1,1
BRDA:214,30,0,1
BRDA:214,30,1,4
BRDA:220,31,0,1
BRDA:220,31,1,3
BRDA:228,32,0,1
BRDA:228,32,1,2
BRDA:239,33,0,1
BRDA:239,33,1,1
BRF:68
BRH:61
end_of_record
TN:
SF:src/context/BarbershopContext.js
FN:8,mapBarbershop
FN:22,(anonymous_1)
FN:26,BarbershopProvider
FN:31,(anonymous_3)
FN:48,(anonymous_4)
FN:52,(anonymous_5)
FN:113,(anonymous_6)
FN:174,(anonymous_7)
FN:198,(anonymous_8)
FN:207,(anonymous_9)
FN:218,(anonymous_10)
FN:244,useBarbershops
FNF:12
FNH:11
FNDA:4,mapBarbershop
FNDA:3,(anonymous_1)
FNDA:55,BarbershopProvider
FNDA:33,(anonymous_3)
FNDA:22,(anonymous_4)
FNDA:6,(anonymous_5)
FNDA:6,(anonymous_6)
FNDA:0,(anonymous_7)
FNDA:2,(anonymous_8)
FNDA:1,(anonymous_9)
FNDA:2,(anonymous_10)
FNDA:57,useBarbershops
DA:6,1
DA:9,4
DA:22,3
DA:27,55
DA:28,55
DA:29,55
DA:31,55
DA:32,33
DA:33,33
DA:34,33
DA:38,33
DA:39,1
DA:40,1
DA:41,1
DA:42,1
DA:44,32
DA:45,32
DA:48,55
DA:49,22
DA:52,55
DA:53,6
DA:67,6
DA:68,1
DA:69,1
DA:76,5
DA:77,5
DA:78,3
DA:79,3
DA:80,2
DA:84,2
DA:85,1
DA:86,1
DA:89,1
DA:93,5
DA:97,5
DA:98,1
DA:101,5
DA:103,5
DA:113,55
DA:114,6
DA:124,6
DA:125,6
DA:127,6
DA:128,3
DA:134,3
DA:135,1
DA:142,2
DA:143,2
DA:144,2
DA:145,1
DA:146,1
DA:148,1
DA:156,4
DA:161,4
DA:162,1
DA:163,0
DA:165,1
DA:166,1
DA:173,3
DA:174,1
DA:175,0
DA:179,3
DA:185,3
DA:186,1
DA:189,3
DA:191,3
DA:198,55
DA:199,2
DA:202,2
DA:203,1
DA:204,1
DA:207,55
DA:208,1
DA:213,1
DA:214,1
DA:215,1
DA:218,55
DA:219,2
DA:224,2
DA:225,1
DA:226,1
DA:229,55
DA:241,55
DA:245,57
DA:246,57
DA:247,2
DA:249,55
LF:87
LH:85
BRDA:17,0,0,4
BRDA:17,0,1,1
BRDA:20,1,0,3
BRDA:20,1,1,1
BRDA:21,2,0,4
BRDA:21,2,1,1
BRDA:22,3,0,4
BRDA:22,3,1,1
BRDA:38,4,0,1
BRDA:38,4,1,32
BRDA:44,5,0,32
BRDA:44,5,1,0
BRDA:60,6,0,6
BRDA:60,6,1,0
BRDA:61,7,0,6
BRDA:61,7,1,0
BRDA:67,8,0,1
BRDA:67,8,1,5
BRDA:77,9,0,3
BRDA:77,9,1,2
BRDA:84,10,0,1
BRDA:84,10,1,1
BRDA:97,11,0,1
BRDA:97,11,1,4
BRDA:120,12,0,6
BRDA:120,12,1,0
BRDA:121,13,0,6
BRDA:121,13,1,0
BRDA:127,14,0,3
BRDA:127,14,1,3
BRDA:127,15,0,6
BRDA:127,15,1,3
BRDA:134,16,0,1
BRDA:134,16,1,2
BRDA:142,17,0,2
BRDA:142,17,1,0
BRDA:161,18,0,1
BRDA:161,18,1,3
BRDA:162,19,0,0
BRDA:162,19,1,1
BRDA:173,20,0,1
BRDA:173,20,1,2
BRDA:173,21,0,3
BRDA:173,21,1,1
BRDA:185,22,0,1
BRDA:185,22,1,2
BRDA:202,23,0,1
BRDA:202,23,1,1
BRDA:213,24,0,0
BRDA:213,24,1,1
BRDA:224,25,0,1
BRDA:224,25,1,1
BRDA:246,26,0,2
BRDA:246,26,1,55
BRF:54
BRH:46
end_of_record
TN:
SF:src/hooks/usePullToRefresh.js
FN:4,usePullToRefresh
FN:9,(anonymous_1)
FN:19,(anonymous_2)
FNF:3
FNH:3
FNDA:5,usePullToRefresh
FNDA:2,(anonymous_1)
FNDA:3,(anonymous_2)
DA:5,5
DA:6,5
DA:7,5
DA:9,5
DA:10,2
DA:11,2
DA:12,2
DA:14,2
DA:18,5
DA:20,3
DA:24,5
LF:11
LH:11
BRF:0
BRH:0
end_of_record
TN:
SF:src/lib/secureStorage.js
FN:6,(anonymous_0)
FN:7,(anonymous_1)
FN:11,(anonymous_2)
FN:14,(anonymous_3)
FN:16,(anonymous_4)
FN:21,(anonymous_5)
FNF:6
FNH:6
FNDA:1,(anonymous_0)
FNDA:1,(anonymous_1)
FNDA:1,(anonymous_2)
FNDA:1,(anonymous_3)
FNDA:1,(anonymous_4)
FNDA:1,(anonymous_5)
DA:3,1
DA:5,1
DA:6,1
DA:8,1
DA:11,1
DA:14,1
DA:16,1
DA:17,1
DA:21,1
LF:9
LH:9
BRF:0
BRH:0
end_of_record
TN:
SF:src/lib/storage.js
FN:5,uploadImage
FN:16,publicUrl
FN:21,uploadBarbershopImage
FN:25,uploadAvatar
FN:29,removeStoredImage
FNF:5
FNH:5
FNDA:3,uploadImage
FNDA:2,publicUrl
FNDA:2,uploadBarbershopImage
FNDA:1,uploadAvatar
FNDA:3,removeStoredImage
DA:6,3
DA:9,3
DA:12,3
DA:13,2
DA:17,2
DA:18,1
DA:22,2
DA:26,1
DA:30,3
DA:31,2
DA:32,2
LF:11
LH:11
BRDA:12,0,0,1
BRDA:12,0,1,2
BRDA:17,1,0,1
BRDA:17,1,1,1
BRDA:30,2,0,1
BRDA:30,2,1,2
BRDA:32,3,0,1
BRDA:32,3,1,1
BRF:8
BRH:8
end_of_record
TN:
SF:src/lib/supabase.js
FNF:0
FNH:0
DA:5,0
DA:6,0
DA:8,0
LF:3
LH:0
BRF:0
BRH:0
end_of_record
TN:
SF:src/utils/datas.js
FN:1,(anonymous_0)
FN:6,(anonymous_1)
FN:12,(anonymous_2)
FN:19,(anonymous_3)
FN:24,(anonymous_4)
FN:41,(anonymous_5)
FN:57,(anonymous_6)
FN:64,(anonymous_7)
FN:70,(anonymous_8)
FNF:9
FNH:9
FNDA:3,(anonymous_0)
FNDA:3,(anonymous_1)
FNDA:5,(anonymous_2)
FNDA:2,(anonymous_3)
FNDA:5,(anonymous_4)
FNDA:2,(anonymous_5)
FNDA:2,(anonymous_6)
FNDA:2,(anonymous_7)
FNDA:7,(anonymous_8)
DA:1,1
DA:2,3
DA:3,3
DA:6,1
DA:7,3
DA:8,3
DA:9,3
DA:12,1
DA:13,5
DA:14,5
DA:15,5
DA:16,5
DA:19,1
DA:20,2
DA:21,2
DA:24,1
DA:25,5
DA:26,5
DA:28,5
DA:38,5
DA:41,1
DA:42,2
DA:44,2
DA:54,2
DA:57,1
DA:58,2
DA:60,1
DA:61,1
DA:64,1
DA:65,2
DA:66,2
DA:67,2
DA:70,1
DA:71,7
DA:73,5
DA:74,5
DA:76,4
LF:37
LH:37
BRDA:54,0,0,2
BRDA:54,0,1,0
BRDA:58,1,0,1
BRDA:58,1,1,1
BRDA:70,2,0,6
BRDA:71,3,0,2
BRDA:71,3,1,5
BRDA:71,4,0,7
BRDA:71,4,1,6
BRDA:74,5,0,1
BRDA:74,5,1,4
BRF:11
BRH:10
end_of_record
TN:
SF:src/utils/horarios.js
FN:4,diaParaWeekday
FN:8,weekdayParaDia
FN:12,horariosParaRows
FN:13,(anonymous_3)
FN:22,rowsParaHorarios
FN:27,(anonymous_5)
FNF:6
FNH:6
FNDA:14,diaParaWeekday
FNDA:9,weekdayParaDia
FNDA:11,horariosParaRows
FNDA:11,(anonymous_3)
FNDA:9,rowsParaHorarios
FNDA:63,(anonymous_5)
DA:1,2
DA:2,2
DA:5,14
DA:9,9
DA:13,11
DA:23,9
DA:24,9
DA:25,6
DA:27,9
DA:28,63
DA:29,63
LF:11
LH:11
BRDA:17,0,0,10
BRDA:17,0,1,1
BRDA:18,1,0,10
BRDA:18,1,1,1
BRDA:31,2,0,6
BRDA:31,2,1,57
BRDA:32,3,0,5
BRDA:32,3,1,58
BRDA:33,4,0,5
BRDA:33,4,1,58
BRF:10
BRH:10
end_of_record
