TN:
SF:src/components/BarbershopCard.js
FN:5,BarbershopCard
FNF:1
FNH:0
FNDA:0,BarbershopCard
DA:6,0
DA:7,0
DA:9,0
DA:45,0
LF:4
LH:0
BRDA:6,0,0,0
BRDA:6,0,1,0
BRDA:7,1,0,0
BRDA:7,1,1,0
BRDA:16,2,0,0
BRDA:16,2,1,0
BRDA:30,3,0,0
BRDA:30,3,1,0
BRDA:32,4,0,0
BRDA:32,4,1,0
BRF:10
BRH:0
end_of_record
TN:
SF:src/components/CameraModal.js
FN:8,CameraModal
FN:16,(anonymous_1)
FN:37,(anonymous_2)
FN:44,(anonymous_3)
FN:49,(anonymous_4)
FN:81,(anonymous_5)
FN:110,(anonymous_6)
FN:110,(anonymous_7)
FNF:8
FNH:0
FNDA:0,CameraModal
FNDA:0,(anonymous_1)
FNDA:0,(anonymous_2)
FNDA:0,(anonymous_3)
FNDA:0,(anonymous_4)
FNDA:0,(anonymous_5)
FNDA:0,(anonymous_6)
FNDA:0,(anonymous_7)
DA:9,0
DA:10,0
DA:11,0
DA:12,0
DA:14,0
DA:16,0
DA:17,0
DA:18,0
DA:19,0
DA:20,0
DA:21,0
DA:25,0
DA:32,0
DA:33,0
DA:37,0
DA:38,0
DA:39,0
DA:40,0
DA:44,0
DA:45,0
DA:46,0
DA:49,0
DA:50,0
DA:51,0
DA:54,0
DA:55,0
DA:74,0
DA:81,0
DA:110,0
DA:122,0
LF:30
LH:0
BRDA:17,0,0,0
BRDA:17,0,1,0
BRDA:19,1,0,0
BRDA:19,1,1,0
BRDA:32,2,0,0
BRDA:32,2,1,0
BRDA:38,3,0,0
BRDA:38,3,1,0
BRDA:54,4,0,0
BRDA:54,4,1,0
BRDA:77,5,0,0
BRDA:77,5,1,0
BRDA:110,6,0,0
BRDA:110,6,1,0
BRF:14
BRH:0
end_of_record
TN:
SF:src/components/ProductModal.js
FN:4,ProductModal
FN:9,(anonymous_1)
FN:16,(anonymous_2)
FNF:3
FNH:0
FNDA:0,ProductModal
FNDA:0,(anonymous_1)
FNDA:0,(anonymous_2)
DA:5,0
DA:6,0
DA:7,0
DA:9,0
DA:10,0
DA:11,0
DA:12,0
DA:16,0
DA:17,0
DA:18,0
DA:19,0
DA:20,0
DA:22,0
DA:23,0
DA:24,0
DA:25,0
DA:27,0
DA:28,0
DA:29,0
DA:31,0
DA:35,0
DA:88,0
LF:22
LH:0
BRDA:10,0,0,0
BRDA:10,0,1,0
BRDA:11,1,0,0
BRDA:11,1,1,0
BRDA:12,2,0,0
BRDA:12,2,1,0
BRDA:17,3,0,0
BRDA:17,3,1,0
BRDA:18,4,0,0
BRDA:18,4,1,0
BRDA:23,5,0,0
BRDA:23,5,1,0
BRDA:23,6,0,0
BRDA:23,6,1,0
BRDA:39,7,0,0
BRDA:39,7,1,0
BRDA:63,8,0,0
BRDA:63,8,1,0
BRDA:69,9,0,0
BRDA:69,9,1,0
BRDA:73,10,0,0
BRDA:73,10,1,0
BRF:22
BRH:0
end_of_record
TN:
SF:src/components/ui/AddPhotoButton.js
FN:7,AddPhotoButton
FNF:1
FNH:0
FNDA:0,AddPhotoButton
DA:8,0
DA:23,0
LF:2
LH:0
BRF:0
BRH:0
end_of_record
TN:
SF:src/constants/images.js
FNF:0
FNH:0
DA:1,0
LF:1
LH:0
BRF:0
BRH:0
end_of_record
TN:
SF:src/context/AppointmentContext.js
FN:7,mapAppointment
FN:65,AppointmentProvider
FN:71,(anonymous_2)
FN:92,(anonymous_3)
FN:96,(anonymous_4)
FN:114,(anonymous_5)
FN:129,(anonymous_6)
FN:143,(anonymous_7)
FN:164,useAppointments
FNF:9
FNH:0
FNDA:0,mapAppointment
FNDA:0,AppointmentProvider
FNDA:0,(anonymous_2)
FNDA:0,(anonymous_3)
FNDA:0,(anonymous_4)
FNDA:0,(anonymous_5)
FNDA:0,(anonymous_6)
FNDA:0,(anonymous_7)
FNDA:0,useAppointments
DA:5,0
DA:8,0
DA:24,0
DA:37,0
DA:50,0
DA:66,0
DA:67,0
DA:68,0
DA:69,0
DA:71,0
DA:72,0
DA:73,0
DA:74,0
DA:75,0
DA:76,0
DA:77,0
DA:79,0
DA:82,0
DA:83,0
DA:84,0
DA:85,0
DA:86,0
DA:88,0
DA:89,0
DA:92,0
DA:93,0
DA:96,0
DA:97,0
DA:103,0
DA:104,0
DA:105,0
DA:110,0
DA:111,0
DA:114,0
DA:115,0
DA:119,0
DA:120,0
DA:125,0
DA:126,0
DA:129,0
DA:130,0
DA:133,0
DA:134,0
DA:139,0
DA:140,0
DA:143,0
DA:144,0
DA:145,0
DA:146,0
DA:147,0
DA:150,0
DA:161,0
DA:165,0
DA:166,0
DA:167,0
DA:169,0
LF:56
LH:0
BRDA:11,0,0,0
BRDA:11,0,1,0
BRDA:13,1,0,0
BRDA:13,1,1,0
BRDA:16,2,0,0
BRDA:16,2,1,0
BRDA:74,3,0,0
BRDA:74,3,1,0
BRDA:82,4,0,0
BRDA:82,4,1,0
BRDA:88,5,0,0
BRDA:88,5,1,0
BRDA:103,6,0,0
BRDA:103,6,1,0
BRDA:107,7,0,0
BRDA:107,7,1,0
BRDA:119,8,0,0
BRDA:119,8,1,0
BRDA:122,9,0,0
BRDA:122,9,1,0
BRDA:133,10,0,0
BRDA:133,10,1,0
BRDA:136,11,0,0
BRDA:136,11,1,0
BRDA:145,12,0,0
BRDA:145,12,1,0
BRDA:166,13,0,0
BRDA:166,13,1,0
BRF:28
BRH:0
end_of_record
TN:
SF:src/context/AuthContext.js
FN:16,(anonymous_0)
FN:20,(anonymous_1)
FN:29,AuthProvider
FN:37,(anonymous_3)
FN:55,(anonymous_4)
FN:59,(anonymous_5)
FN:63,(anonymous_6)
FN:94,(anonymous_7)
FN:107,(anonymous_8)
FN:116,(anonymous_9)
FN:122,(anonymous_10)
FN:136,(anonymous_11)
FN:152,(anonymous_12)
FN:164,(anonymous_13)
FN:196,(anonymous_14)
FN:213,(anonymous_15)
FN:216,(anonymous_16)
FN:234,(anonymous_17)
FN:240,(anonymous_18)
FN:267,(anonymous_19)
FNF:20
FNH:0
FNDA:0,(anonymous_0)
FNDA:0,(anonymous_1)
FNDA:0,AuthProvider
FNDA:0,(anonymous_3)
FNDA:0,(anonymous_4)
FNDA:0,(anonymous_5)
FNDA:0,(anonymous_6)
FNDA:0,(anonymous_7)
FNDA:0,(anonymous_8)
FNDA:0,(anonymous_9)
FNDA:0,(anonymous_10)
FNDA:0,(anonymous_11)
FNDA:0,(anonymous_12)
FNDA:0,(anonymous_13)
FNDA:0,(anonymous_14)
FNDA:0,(anonymous_15)
FNDA:0,(anonymous_16)
FNDA:0,(anonymous_17)
FNDA:0,(anonymous_18)
FNDA:0,(anonymous_19)
DA:12,0
DA:14,0
DA:16,0
DA:17,0
DA:20,0
DA:21,0
DA:22,0
DA:23,0
DA:24,0
DA:25,0
DA:26,0
DA:30,0
DA:31,0
DA:32,0
DA:33,0
DA:34,0
DA:35,0
DA:37,0
DA:38,0
DA:44,0
DA:52,0
DA:55,0
DA:56,0
DA:59,0
DA:61,0
DA:63,0
DA:64,0
DA:65,0
DA:67,0
DA:71,0
DA:73,0
DA:75,0
DA:76,0
DA:77,0
DA:78,0
DA:79,0
DA:80,0
DA:81,0
DA:82,0
DA:83,0
DA:85,0
DA:86,0
DA:87,0
DA:90,0
DA:91,0
DA:94,0
DA:95,0
DA:97,0
DA:98,0
DA:99,0
DA:100,0
DA:101,0
DA:102,0
DA:105,0
DA:107,0
DA:108,0
DA:111,0
DA:114,0
DA:116,0
DA:117,0
DA:118,0
DA:122,0
DA:123,0
DA:128,0
DA:129,0
DA:130,0
DA:132,0
DA:133,0
DA:136,0
DA:137,0
DA:138,0
DA:139,0
DA:140,0
DA:143,0
DA:144,0
DA:145,0
DA:146,0
DA:148,0
DA:149,0
DA:152,0
DA:153,0
DA:157,0
DA:158,0
DA:159,0
DA:160,0
DA:161,0
DA:164,0
DA:165,0
DA:166,0
DA:167,0
DA:170,0
DA:171,0
DA:175,0
DA:176,0
DA:179,0
DA:183,0
DA:184,0
DA:187,0
DA:188,0
DA:189,0
DA:191,0
DA:192,0
DA:196,0
DA:197,0
DA:199,0
DA:204,0
DA:206,0
DA:207,0
DA:208,0
DA:209,0
DA:210,0
DA:213,0
DA:214,0
DA:216,0
DA:217,0
DA:218,0
DA:220,0
DA:221,0
DA:224,0
DA:228,0
DA:229,0
DA:230,0
DA:233,0
DA:234,0
DA:239,0
DA:240,0
DA:241,0
DA:244,0
DA:247,0
DA:267,0
LF:130
LH:0
BRDA:21,0,0,0
BRDA:21,0,1,0
BRDA:22,1,0,0
BRDA:22,1,1,0
BRDA:23,2,0,0
BRDA:23,2,1,0
BRDA:24,3,0,0
BRDA:24,3,1,0
BRDA:25,4,0,0
BRDA:25,4,1,0
BRDA:47,5,0,0
BRDA:47,5,1,0
BRDA:48,6,0,0
BRDA:48,6,1,0
BRDA:50,7,0,0
BRDA:50,7,1,0
BRDA:73,8,0,0
BRDA:73,8,1,0
BRDA:75,9,0,0
BRDA:75,9,1,0
BRDA:75,10,0,0
BRDA:75,10,1,0
BRDA:80,11,0,0
BRDA:80,11,1,0
BRDA:81,12,0,0
BRDA:81,12,1,0
BRDA:85,13,0,0
BRDA:85,13,1,0
BRDA:95,14,0,0
BRDA:95,14,1,0
BRDA:95,15,0,0
BRDA:95,15,1,0
BRDA:97,16,0,0
BRDA:97,16,1,0
BRDA:105,17,0,0
BRDA:105,17,1,0
BRDA:108,18,0,0
BRDA:108,18,1,0
BRDA:128,19,0,0
BRDA:128,19,1,0
BRDA:138,20,0,0
BRDA:138,20,1,0
BRDA:144,21,0,0
BRDA:144,21,1,0
BRDA:144,22,0,0
BRDA:144,22,1,0
BRDA:165,23,0,0
BRDA:165,23,1,0
BRDA:166,24,0,0
BRDA:166,24,1,0
BRDA:175,25,0,0
BRDA:175,25,1,0
BRDA:175,26,0,0
BRDA:175,26,1,0
BRDA:183,27,0,0
BRDA:183,27,1,0
BRDA:197,28,0,0
BRDA:197,28,1,0
BRDA:204,29,0,0
BRDA:204,29,1,0
BRDA:214,30,0,0
BRDA:214,30,1,0
BRDA:220,31,0,0
BRDA:220,31,1,0
BRDA:228,32,0,0
BRDA:228,32,1,0
BRDA:239,33,0,0
BRDA:239,33,1,0
BRF:68
BRH:0
end_of_record
TN:
SF:src/context/BarbershopContext.js
FN:8,mapBarbershop
FN:22,(anonymous_1)
FN:26,BarbershopProvider
FN:31,(anonymous_3)
FN:48,(anonymous_4)
FN:52,(anonymous_5)
FN:113,(anonymous_6)
FN:174,(anonymous_7)
FN:198,(anonymous_8)
FN:207,(anonymous_9)
FN:218,(anonymous_10)
FN:244,useBarbershops
FNF:12
FNH:0
FNDA:0,mapBarbershop
FNDA:0,(anonymous_1)
FNDA:0,BarbershopProvider
FNDA:0,(anonymous_3)
FNDA:0,(anonymous_4)
FNDA:0,(anonymous_5)
FNDA:0,(anonymous_6)
FNDA:0,(anonymous_7)
FNDA:0,(anonymous_8)
FNDA:0,(anonymous_9)
FNDA:0,(anonymous_10)
FNDA:0,useBarbershops
DA:6,0
DA:9,0
DA:22,0
DA:27,0
DA:28,0
DA:29,0
DA:31,0
DA:32,0
DA:33,0
DA:34,0
DA:38,0
DA:39,0
DA:40,0
DA:41,0
DA:42,0
DA:44,0
DA:45,0
DA:48,0
DA:49,0
DA:52,0
DA:53,0
DA:67,0
DA:68,0
DA:69,0
DA:76,0
DA:77,0
DA:78,0
DA:79,0
DA:80,0
DA:84,0
DA:85,0
DA:86,0
DA:89,0
DA:93,0
DA:97,0
DA:98,0
DA:101,0
DA:103,0
DA:113,0
DA:114,0
DA:124,0
DA:125,0
DA:127,0
DA:128,0
DA:134,0
DA:135,0
DA:142,0
DA:143,0
DA:144,0
DA:145,0
DA:146,0
DA:148,0
DA:156,0
DA:161,0
DA:162,0
DA:163,0
DA:165,0
DA:166,0
DA:173,0
DA:174,0
DA:175,0
DA:179,0
DA:185,0
DA:186,0
DA:189,0
DA:191,0
DA:198,0
DA:199,0
DA:202,0
DA:203,0
DA:204,0
DA:207,0
DA:208,0
DA:213,0
DA:214,0
DA:215,0
DA:218,0
DA:219,0
DA:224,0
DA:225,0
DA:226,0
DA:229,0
DA:241,0
DA:245,0
DA:246,0
DA:247,0
DA:249,0
LF:87
LH:0
BRDA:17,0,0,0
BRDA:17,0,1,0
BRDA:20,1,0,0
BRDA:20,1,1,0
BRDA:21,2,0,0
BRDA:21,2,1,0
BRDA:22,3,0,0
BRDA:22,3,1,0
BRDA:38,4,0,0
BRDA:38,4,1,0
BRDA:44,5,0,0
BRDA:44,5,1,0
BRDA:60,6,0,0
BRDA:60,6,1,0
BRDA:61,7,0,0
BRDA:61,7,1,0
BRDA:67,8,0,0
BRDA:67,8,1,0
BRDA:77,9,0,0
BRDA:77,9,1,0
BRDA:84,10,0,0
BRDA:84,10,1,0
BRDA:97,11,0,0
BRDA:97,11,1,0
BRDA:120,12,0,0
BRDA:120,12,1,0
BRDA:121,13,0,0
BRDA:121,13,1,0
BRDA:127,14,0,0
BRDA:127,14,1,0
BRDA:127,15,0,0
BRDA:127,15,1,0
BRDA:134,16,0,0
BRDA:134,16,1,0
BRDA:142,17,0,0
BRDA:142,17,1,0
BRDA:161,18,0,0
BRDA:161,18,1,0
BRDA:162,19,0,0
BRDA:162,19,1,0
BRDA:173,20,0,0
BRDA:173,20,1,0
BRDA:173,21,0,0
BRDA:173,21,1,0
BRDA:185,22,0,0
BRDA:185,22,1,0
BRDA:202,23,0,0
BRDA:202,23,1,0
BRDA:213,24,0,0
BRDA:213,24,1,0
BRDA:224,25,0,0
BRDA:224,25,1,0
BRDA:246,26,0,0
BRDA:246,26,1,0
BRF:54
BRH:0
end_of_record
TN:
SF:src/hooks/usePullToRefresh.js
FN:4,usePullToRefresh
FN:9,(anonymous_1)
FN:19,(anonymous_2)
FNF:3
FNH:0
FNDA:0,usePullToRefresh
FNDA:0,(anonymous_1)
FNDA:0,(anonymous_2)
DA:5,0
DA:6,0
DA:7,0
DA:9,0
DA:10,0
DA:11,0
DA:12,0
DA:14,0
DA:18,0
DA:20,0
DA:24,0
LF:11
LH:0
BRF:0
BRH:0
end_of_record
TN:
SF:src/lib/secureStorage.js
FN:6,(anonymous_0)
FN:7,(anonymous_1)
FN:11,(anonymous_2)
FN:14,(anonymous_3)
FN:16,(anonymous_4)
FN:21,(anonymous_5)
FNF:6
FNH:0
FNDA:0,(anonymous_0)
FNDA:0,(anonymous_1)
FNDA:0,(anonymous_2)
FNDA:0,(anonymous_3)
FNDA:0,(anonymous_4)
FNDA:0,(anonymous_5)
DA:3,0
DA:5,0
DA:6,0
DA:8,0
DA:11,0
DA:14,0
DA:16,0
DA:17,0
DA:21,0
LF:9
LH:0
BRF:0
BRH:0
end_of_record
TN:
SF:src/lib/storage.js
FN:5,uploadImage
FN:16,publicUrl
FN:21,uploadBarbershopImage
FN:25,uploadAvatar
FN:29,removeStoredImage
FNF:5
FNH:0
FNDA:0,uploadImage
FNDA:0,publicUrl
FNDA:0,uploadBarbershopImage
FNDA:0,uploadAvatar
FNDA:0,removeStoredImage
DA:6,0
DA:9,0
DA:12,0
DA:13,0
DA:17,0
DA:18,0
DA:22,0
DA:26,0
DA:30,0
DA:31,0
DA:32,0
LF:11
LH:0
BRDA:12,0,0,0
BRDA:12,0,1,0
BRDA:17,1,0,0
BRDA:17,1,1,0
BRDA:30,2,0,0
BRDA:30,2,1,0
BRDA:32,3,0,0
BRDA:32,3,1,0
BRF:8
BRH:0
end_of_record
TN:
SF:src/lib/supabase.js
FNF:0
FNH:0
DA:5,0
DA:6,0
DA:8,0
LF:3
LH:0
BRF:0
BRH:0
end_of_record
TN:
SF:src/utils/datas.js
FN:1,(anonymous_0)
FN:6,(anonymous_1)
FN:12,(anonymous_2)
FN:19,(anonymous_3)
FN:24,(anonymous_4)
FN:41,(anonymous_5)
FN:57,(anonymous_6)
FN:64,(anonymous_7)
FN:70,(anonymous_8)
FNF:9
FNH:9
FNDA:3,(anonymous_0)
FNDA:3,(anonymous_1)
FNDA:5,(anonymous_2)
FNDA:2,(anonymous_3)
FNDA:5,(anonymous_4)
FNDA:2,(anonymous_5)
FNDA:2,(anonymous_6)
FNDA:2,(anonymous_7)
FNDA:7,(anonymous_8)
DA:1,1
DA:2,3
DA:3,3
DA:6,1
DA:7,3
DA:8,3
DA:9,3
DA:12,1
DA:13,5
DA:14,5
DA:15,5
DA:16,5
DA:19,1
DA:20,2
DA:21,2
DA:24,1
DA:25,5
DA:26,5
DA:28,5
DA:38,5
DA:41,1
DA:42,2
DA:44,2
DA:54,2
DA:57,1
DA:58,2
DA:60,1
DA:61,1
DA:64,1
DA:65,2
DA:66,2
DA:67,2
DA:70,1
DA:71,7
DA:73,5
DA:74,5
DA:76,4
LF:37
LH:37
BRDA:54,0,0,2
BRDA:54,0,1,0
BRDA:58,1,0,1
BRDA:58,1,1,1
BRDA:70,2,0,6
BRDA:71,3,0,2
BRDA:71,3,1,5
BRDA:71,4,0,7
BRDA:71,4,1,6
BRDA:74,5,0,1
BRDA:74,5,1,4
BRF:11
BRH:10
end_of_record
TN:
SF:src/utils/horarios.js
FN:4,diaParaWeekday
FN:8,weekdayParaDia
FN:12,horariosParaRows
FN:13,(anonymous_3)
FN:22,rowsParaHorarios
FN:27,(anonymous_5)
FNF:6
FNH:6
FNDA:6,diaParaWeekday
FNDA:6,weekdayParaDia
FNDA:3,horariosParaRows
FNDA:3,(anonymous_3)
FNDA:5,rowsParaHorarios
FNDA:35,(anonymous_5)
DA:1,1
DA:2,1
DA:5,6
DA:9,6
DA:13,3
DA:23,5
DA:24,5
DA:25,3
DA:27,5
DA:28,35
DA:29,35
LF:11
LH:11
BRDA:17,0,0,2
BRDA:17,0,1,1
BRDA:18,1,0,2
BRDA:18,1,1,1
BRDA:31,2,0,3
BRDA:31,2,1,32
BRDA:32,3,0,2
BRDA:32,3,1,33
BRDA:33,4,0,2
BRDA:33,4,1,33
BRF:10
BRH:10
end_of_record
